<?xml version="1.0" encoding="UTF-8"?>
<robot generator="Robot 4.1.3 (Python 3.9.10 on darwin)" generated="20220222 21:14:34.614" rpa="false" schemaversion="2">
<suite id="s1" name="Manager" source="/Users/runner/work/rfswarm/rfswarm/Tests/Regression/Manager">
<suite id="s1-s1" name="CommandLine" source="/Users/runner/work/rfswarm/rfswarm/Tests/Regression/Manager/CommandLine.robot">
<kw name="Clean Up Old Files" type="SETUP">
<tag>macos-latest</tag>
<tag>ubuntu-latest</tag>
<tag>windows-latest</tag>
<kw name="Log To Console" library="BuiltIn">
<arg>${OUTPUT DIR}</arg>
<doc>Logs the given message to the console.</doc>
<status status="PASS" starttime="20220222 21:14:34.655" endtime="20220222 21:14:34.655"/>
</kw>
<kw name="Remove File" library="OperatingSystem">
<arg>${OUTPUT DIR}${/}*.txt</arg>
<doc>Removes a file with the given path.</doc>
<msg timestamp="20220222 21:14:34.656" level="INFO" html="true">Removed file '&lt;a href="file:///Users/runner/work/rfswarm/rfswarm/Tests/Regression/Manager/Logs/macos-latest_3.9/Sikuli_java_stdout_1645520343.637621.txt"&gt;/Users/runner/work/rfswarm/rfswarm/Tests/Regression/Manager/Logs/macos-latest_3.9/Sikuli_java_stdout_1645520343.637621.txt&lt;/a&gt;'.</msg>
<msg timestamp="20220222 21:14:34.656" level="INFO" html="true">Removed file '&lt;a href="file:///Users/runner/work/rfswarm/rfswarm/Tests/Regression/Manager/Logs/macos-latest_3.9/stdout.txt"&gt;/Users/runner/work/rfswarm/rfswarm/Tests/Regression/Manager/Logs/macos-latest_3.9/stdout.txt&lt;/a&gt;'.</msg>
<msg timestamp="20220222 21:14:34.657" level="INFO" html="true">Removed file '&lt;a href="file:///Users/runner/work/rfswarm/rfswarm/Tests/Regression/Manager/Logs/macos-latest_3.9/Sikuli_java_stderr_1645520330.647083.txt"&gt;/Users/runner/work/rfswarm/rfswarm/Tests/Regression/Manager/Logs/macos-latest_3.9/Sikuli_java_stderr_1645520330.647083.txt&lt;/a&gt;'.</msg>
<msg timestamp="20220222 21:14:34.657" level="INFO" html="true">Removed file '&lt;a href="file:///Users/runner/work/rfswarm/rfswarm/Tests/Regression/Manager/Logs/macos-latest_3.9/Sikuli_java_stdout_1645520334.817033.txt"&gt;/Users/runner/work/rfswarm/rfswarm/Tests/Regression/Manager/Logs/macos-latest_3.9/Sikuli_java_stdout_1645520334.817033.txt&lt;/a&gt;'.</msg>
<msg timestamp="20220222 21:14:34.657" level="INFO" html="true">Removed file '&lt;a href="file:///Users/runner/work/rfswarm/rfswarm/Tests/Regression/Manager/Logs/macos-latest_3.9/Sikuli_java_stderr_1645520343.637928.txt"&gt;/Users/runner/work/rfswarm/rfswarm/Tests/Regression/Manager/Logs/macos-latest_3.9/Sikuli_java_stderr_1645520343.637928.txt&lt;/a&gt;'.</msg>
<msg timestamp="20220222 21:14:34.657" level="INFO" html="true">Removed file '&lt;a href="file:///Users/runner/work/rfswarm/rfswarm/Tests/Regression/Manager/Logs/macos-latest_3.9/stderr.txt"&gt;/Users/runner/work/rfswarm/rfswarm/Tests/Regression/Manager/Logs/macos-latest_3.9/stderr.txt&lt;/a&gt;'.</msg>
<msg timestamp="20220222 21:14:34.657" level="INFO" html="true">Removed file '&lt;a href="file:///Users/runner/work/rfswarm/rfswarm/Tests/Regression/Manager/Logs/macos-latest_3.9/Sikuli_java_stdout_1645520330.6468549.txt"&gt;/Users/runner/work/rfswarm/rfswarm/Tests/Regression/Manager/Logs/macos-latest_3.9/Sikuli_java_stdout_1645520330.6468549.txt&lt;/a&gt;'.</msg>
<msg timestamp="20220222 21:14:34.657" level="INFO" html="true">Removed file '&lt;a href="file:///Users/runner/work/rfswarm/rfswarm/Tests/Regression/Manager/Logs/macos-latest_3.9/Sikuli_java_stderr_1645520334.817268.txt"&gt;/Users/runner/work/rfswarm/rfswarm/Tests/Regression/Manager/Logs/macos-latest_3.9/Sikuli_java_stderr_1645520334.817268.txt&lt;/a&gt;'.</msg>
<msg timestamp="20220222 21:14:34.657" level="INFO" html="true">Removed file '&lt;a href="file:///Users/runner/work/rfswarm/rfswarm/Tests/Regression/Manager/Logs/macos-latest_3.9/Sikuli_java_stderr_1645520339.1096692.txt"&gt;/Users/runner/work/rfswarm/rfswarm/Tests/Regression/Manager/Logs/macos-latest_3.9/Sikuli_java_stderr_1645520339.1096692.txt&lt;/a&gt;'.</msg>
<msg timestamp="20220222 21:14:34.658" level="INFO" html="true">Removed file '&lt;a href="file:///Users/runner/work/rfswarm/rfswarm/Tests/Regression/Manager/Logs/macos-latest_3.9/Sikuli_java_stdout_1645520339.1092548.txt"&gt;/Users/runner/work/rfswarm/rfswarm/Tests/Regression/Manager/Logs/macos-latest_3.9/Sikuli_java_stdout_1645520339.1092548.txt&lt;/a&gt;'.</msg>
<status status="PASS" starttime="20220222 21:14:34.655" endtime="20220222 21:14:34.658"/>
</kw>
<kw name="Remove File" library="OperatingSystem">
<arg>${OUTPUT DIR}${/}sikuli_captured${/}*.*</arg>
<doc>Removes a file with the given path.</doc>
<msg timestamp="20220222 21:14:34.659" level="INFO" html="true">Removed file '&lt;a href="file:///Users/runner/work/rfswarm/rfswarm/Tests/Regression/Manager/Logs/macos-latest_3.9/sikuli_captured/sikuliximage-1645520499993.png"&gt;/Users/runner/work/rfswarm/rfswarm/Tests/Regression/Manager/Logs/macos-latest_3.9/sikuli_captured/sikuliximage-1645520499993.png&lt;/a&gt;'.</msg>
<msg timestamp="20220222 21:14:34.659" level="INFO" html="true">Removed file '&lt;a href="file:///Users/runner/work/rfswarm/rfswarm/Tests/Regression/Manager/Logs/macos-latest_3.9/sikuli_captured/sikuliximage-1645520433416.png"&gt;/Users/runner/work/rfswarm/rfswarm/Tests/Regression/Manager/Logs/macos-latest_3.9/sikuli_captured/sikuliximage-1645520433416.png&lt;/a&gt;'.</msg>
<status status="PASS" starttime="20220222 21:14:34.658" endtime="20220222 21:14:34.659"/>
</kw>
<status status="PASS" starttime="20220222 21:14:34.654" endtime="20220222 21:14:34.659"/>
</kw>
<test id="s1-s1-t1" name="Random Offset">
<kw name="Evaluate" library="BuiltIn">
<var>${random}</var>
<arg>random.randint(0, 60)</arg>
<doc>Evaluates the given expression in Python and returns the result.</doc>
<msg timestamp="20220222 21:14:34.660" level="INFO">${random} = 29</msg>
<status status="PASS" starttime="20220222 21:14:34.660" endtime="20220222 21:14:34.660"/>
</kw>
<kw name="Sleep" library="BuiltIn">
<arg>${random}</arg>
<doc>Pauses the test executed for the given time.</doc>
<msg timestamp="20220222 21:15:03.673" level="INFO">Slept 29 seconds</msg>
<status status="PASS" starttime="20220222 21:14:34.660" endtime="20220222 21:15:03.673"/>
</kw>
<doc>This just prevents all the test runners doing git push at the same time</doc>
<tag>macos-latest</tag>
<tag>ubuntu-latest</tag>
<tag>windows-latest</tag>
<status status="PASS" starttime="20220222 21:14:34.659" endtime="20220222 21:15:03.673"/>
</test>
<test id="s1-s1-t2" name="Manager Version">
<kw name="Run" library="OperatingSystem">
<var>${result}</var>
<arg>python3 ${EXECDIR}${/}rfswarm_manager${/}rfswarm.py -v</arg>
<doc>Runs the given command in the system and returns the output.</doc>
<msg timestamp="20220222 21:15:03.681" level="INFO">Running command 'python3 /Users/runner/work/rfswarm/rfswarm/rfswarm_manager/rfswarm.py -v 2&gt;&amp;1'.</msg>
<msg timestamp="20220222 21:16:40.441" level="INFO">${result} = Unable to revert mtime: /Library/Fonts
Matplotlib is building the font cache; this may take a moment.
Robot Framework Swarm: Manager 
	Version 1.1.0 </msg>
<status status="PASS" starttime="20220222 21:15:03.674" endtime="20220222 21:16:40.441"/>
</kw>
<kw name="Log To Console" library="BuiltIn">
<arg>${\n}${result}</arg>
<doc>Logs the given message to the console.</doc>
<status status="PASS" starttime="20220222 21:16:40.441" endtime="20220222 21:16:40.442"/>
</kw>
<kw name="Should Contain" library="BuiltIn">
<arg>${result}</arg>
<arg>Version</arg>
<doc>Fails if ``container`` does not contain ``item`` one or more times.</doc>
<status status="PASS" starttime="20220222 21:16:40.442" endtime="20220222 21:16:40.442"/>
</kw>
<kw name="Should Contain" library="BuiltIn">
<arg>${result}</arg>
<arg>Manager</arg>
<doc>Fails if ``container`` does not contain ``item`` one or more times.</doc>
<status status="PASS" starttime="20220222 21:16:40.442" endtime="20220222 21:16:40.443"/>
</kw>
<tag>macos-latest</tag>
<tag>ubuntu-latest</tag>
<tag>windows-latest</tag>
<status status="PASS" starttime="20220222 21:15:03.674" endtime="20220222 21:16:40.443"/>
</test>
<test id="s1-s1-t3" name="Manager Help">
<kw name="Run" library="OperatingSystem">
<var>${result}</var>
<arg>python3 ${EXECDIR}${/}rfswarm_manager${/}rfswarm.py -h</arg>
<doc>Runs the given command in the system and returns the output.</doc>
<msg timestamp="20220222 21:16:40.447" level="INFO">Running command 'python3 /Users/runner/work/rfswarm/rfswarm/rfswarm_manager/rfswarm.py -h 2&gt;&amp;1'.</msg>
<msg timestamp="20220222 21:16:42.497" level="INFO">${result} = Robot Framework Swarm: Manager 
	Version 1.1.0 
usage: rfswarm.py [-h] [-g DEBUG] [-v] [-i INI] [-s SCENARIO] [-r] [-a AGENTS]
                  [-n] [-t STARTTIME] [-d DIR] [-e IPADDRESS] [-p PORT]

...</msg>
<status status="PASS" starttime="20220222 21:16:40.444" endtime="20220222 21:16:42.497"/>
</kw>
<kw name="Log To Console" library="BuiltIn">
<arg>${\n}${result}</arg>
<doc>Logs the given message to the console.</doc>
<status status="PASS" starttime="20220222 21:16:42.498" endtime="20220222 21:16:42.498"/>
</kw>
<kw name="Should Contain" library="BuiltIn">
<arg>${result}</arg>
<arg>IPADDRESS</arg>
<doc>Fails if ``container`` does not contain ``item`` one or more times.</doc>
<status status="PASS" starttime="20220222 21:16:42.499" endtime="20220222 21:16:42.499"/>
</kw>
<tag>macos-latest</tag>
<tag>ubuntu-latest</tag>
<tag>windows-latest</tag>
<status status="PASS" starttime="20220222 21:16:40.443" endtime="20220222 21:16:42.499"/>
</test>
<status status="PASS" starttime="20220222 21:14:34.642" endtime="20220222 21:16:42.500"/>
</suite>
<suite id="s1-s2" name="GUI Basic" source="/Users/runner/work/rfswarm/rfswarm/Tests/Regression/Manager/GUI_Basic.robot">
<kw name="Sikili Setup" type="SETUP">
<kw name="Add Image Path">
<arg>${IMAGE_DIR}</arg>
<msg timestamp="20220222 21:17:04.392" level="FAIL">No keyword with name 'Add Image Path' found.</msg>
<status status="FAIL" starttime="20220222 21:17:04.391" endtime="20220222 21:17:04.392"/>
</kw>
<status status="FAIL" starttime="20220222 21:17:04.388" endtime="20220222 21:17:04.393"/>
</kw>
<test id="s1-s2-t1" name="GUI Runs and Closes">
<tag>macos-latest</tag>
<status status="FAIL" starttime="20220222 21:17:04.393" endtime="20220222 21:17:04.394">Parent suite setup failed:
No keyword with name 'Add Image Path' found.</status>
</test>
<kw name="Sikili Teardown" type="TEARDOWN">
<kw name="Is Process Running" library="Process">
<var>${running}</var>
<arg>Manager</arg>
<doc>Checks is the process running or not.</doc>
<msg timestamp="20220222 21:17:04.395" level="INFO">${running} = None</msg>
<msg timestamp="20220222 21:17:04.395" level="FAIL">Non-existing index or alias 'Manager'.</msg>
<status status="FAIL" starttime="20220222 21:17:04.395" endtime="20220222 21:17:04.395"/>
</kw>
<if>
<branch type="IF" condition="${running}">
<kw name="Terminate Process" library="Process">
<var>${result}</var>
<arg>Manager</arg>
<doc>Stops the process gracefully or forcefully.</doc>
<status status="NOT RUN" starttime="20220222 21:17:04.396" endtime="20220222 21:17:04.396"/>
</kw>
<kw name="Log" library="BuiltIn">
<arg>${result}</arg>
<doc>Logs the given message with the given level.</doc>
<status status="NOT RUN" starttime="20220222 21:17:04.396" endtime="20220222 21:17:04.396"/>
</kw>
<kw name="Get File" library="OperatingSystem">
<var>${stdout}</var>
<arg>${OUTPUT DIR}${/}stdout.txt</arg>
<doc>Returns the contents of a specified file.</doc>
<status status="NOT RUN" starttime="20220222 21:17:04.396" endtime="20220222 21:17:04.396"/>
</kw>
<kw name="Log" library="BuiltIn">
<arg>${stdout}</arg>
<doc>Logs the given message with the given level.</doc>
<status status="NOT RUN" starttime="20220222 21:17:04.396" endtime="20220222 21:17:04.396"/>
</kw>
<kw name="Get File" library="OperatingSystem">
<var>${stderr}</var>
<arg>${OUTPUT DIR}${/}stderr.txt</arg>
<doc>Returns the contents of a specified file.</doc>
<status status="NOT RUN" starttime="20220222 21:17:04.396" endtime="20220222 21:17:04.396"/>
</kw>
<kw name="Log" library="BuiltIn">
<arg>${stderr}</arg>
<doc>Logs the given message with the given level.</doc>
<status status="NOT RUN" starttime="20220222 21:17:04.396" endtime="20220222 21:17:04.397"/>
</kw>
<status status="NOT RUN" starttime="20220222 21:17:04.396" endtime="20220222 21:17:04.397"/>
</branch>
<status status="PASS" starttime="20220222 21:17:04.395" endtime="20220222 21:17:04.397"/>
</if>
<status status="FAIL" starttime="20220222 21:17:04.394" endtime="20220222 21:17:04.397">Non-existing index or alias 'Manager'.</status>
</kw>
<status status="FAIL" starttime="20220222 21:16:42.502" endtime="20220222 21:17:04.397">Suite setup failed:
No keyword with name 'Add Image Path' found.

Also suite teardown failed:
Non-existing index or alias 'Manager'.</status>
</suite>
<status status="FAIL" starttime="20220222 21:14:34.616" endtime="20220222 21:17:04.398"/>
</suite>
<statistics>
<total>
<stat pass="3" fail="1" skip="0">All Tests</stat>
</total>
<tag>
<stat pass="3" fail="1" skip="0">macos-latest</stat>
<stat pass="3" fail="0" skip="0">ubuntu-latest</stat>
<stat pass="3" fail="0" skip="0">windows-latest</stat>
</tag>
<suite>
<stat pass="3" fail="1" skip="0" id="s1" name="Manager">Manager</stat>
<stat pass="3" fail="0" skip="0" id="s1-s1" name="CommandLine">Manager.CommandLine</stat>
<stat pass="0" fail="1" skip="0" id="s1-s2" name="GUI Basic">Manager.GUI Basic</stat>
</suite>
</statistics>
<errors>
<msg timestamp="20220222 21:17:04.387" level="ERROR">Error in file '/Users/runner/work/rfswarm/rfswarm/Tests/Regression/Manager/GUI_Basic.robot' on line 4: Initializing library 'SikuliLibrary' with no arguments failed: Start sikuli java process failed!
Traceback (most recent call last):
  File "/Users/runner/hostedtoolcache/Python/3.9.10/x64/lib/python3.9/site-packages/SikuliLibrary/sikuli.py", line 54, in __init__
    self.start_sikuli_process(port)
  File "/Users/runner/hostedtoolcache/Python/3.9.10/x64/lib/python3.9/site-packages/SikuliLibrary/sikuli.py", line 92, in start_sikuli_process
    raise RuntimeError('Start sikuli java process failed!')</msg>
</errors>
</robot>
