<?xml version="1.0" encoding="UTF-8"?>
<robot generator="Robot 4.1.3 (Python 3.10.2 on linux)" generated="20220223 11:31:32.190" rpa="false" schemaversion="2">
<suite id="s1" name="Manager" source="/home/runner/work/rfswarm/rfswarm/Tests/Regression/Manager">
<suite id="s1-s1" name="CommandLine" source="/home/runner/work/rfswarm/rfswarm/Tests/Regression/Manager/CommandLine.robot">
<kw name="Clean Up Old Files" type="SETUP">
<tag>macos-latest</tag>
<tag>ubuntu-latest</tag>
<tag>windows-latest</tag>
<kw name="Log To Console" library="BuiltIn">
<arg>${OUTPUT DIR}</arg>
<doc>Logs the given message to the console.</doc>
<status status="PASS" starttime="20220223 11:31:32.228" endtime="20220223 11:31:32.228"/>
</kw>
<kw name="Remove File" library="OperatingSystem">
<arg>${OUTPUT DIR}${/}*.txt</arg>
<doc>Removes a file with the given path.</doc>
<msg timestamp="20220223 11:31:32.229" level="INFO" html="true">Removed file '&lt;a href="file:///home/runner/work/rfswarm/rfswarm/Tests/Regression/Manager/Logs/ubuntu-latest_3.10/stderr.txt"&gt;/home/runner/work/rfswarm/rfswarm/Tests/Regression/Manager/Logs/ubuntu-latest_3.10/stderr.txt&lt;/a&gt;'.</msg>
<msg timestamp="20220223 11:31:32.229" level="INFO" html="true">Removed file '&lt;a href="file:///home/runner/work/rfswarm/rfswarm/Tests/Regression/Manager/Logs/ubuntu-latest_3.10/stdout.txt"&gt;/home/runner/work/rfswarm/rfswarm/Tests/Regression/Manager/Logs/ubuntu-latest_3.10/stdout.txt&lt;/a&gt;'.</msg>
<status status="PASS" starttime="20220223 11:31:32.228" endtime="20220223 11:31:32.229"/>
</kw>
<kw name="Remove File" library="OperatingSystem">
<arg>${OUTPUT DIR}${/}sikuli_captured${/}*.*</arg>
<doc>Removes a file with the given path.</doc>
<msg timestamp="20220223 11:31:32.230" level="INFO" html="true">File '&lt;a href="file:///home/runner/work/rfswarm/rfswarm/Tests/Regression/Manager/Logs/ubuntu-latest_3.10/sikuli_captured/*.*"&gt;/home/runner/work/rfswarm/rfswarm/Tests/Regression/Manager/Logs/ubuntu-latest_3.10/sikuli_captured/*.*&lt;/a&gt;' does not exist.</msg>
<status status="PASS" starttime="20220223 11:31:32.229" endtime="20220223 11:31:32.230"/>
</kw>
<status status="PASS" starttime="20220223 11:31:32.227" endtime="20220223 11:31:32.230"/>
</kw>
<test id="s1-s1-t1" name="Random Offset">
<kw name="Evaluate" library="BuiltIn">
<var>${random}</var>
<arg>random.randint(0, 60)</arg>
<doc>Evaluates the given expression in Python and returns the result.</doc>
<msg timestamp="20220223 11:31:32.231" level="INFO">${random} = 37</msg>
<status status="PASS" starttime="20220223 11:31:32.231" endtime="20220223 11:31:32.231"/>
</kw>
<kw name="Sleep" library="BuiltIn">
<arg>${random}</arg>
<doc>Pauses the test executed for the given time.</doc>
<msg timestamp="20220223 11:32:09.232" level="INFO">Slept 37 seconds</msg>
<status status="PASS" starttime="20220223 11:31:32.231" endtime="20220223 11:32:09.232"/>
</kw>
<doc>This just prevents all the test runners doing git push at the same time</doc>
<tag>macos-latest</tag>
<tag>ubuntu-latest</tag>
<tag>windows-latest</tag>
<status status="PASS" starttime="20220223 11:31:32.230" endtime="20220223 11:32:09.232"/>
</test>
<test id="s1-s1-t2" name="Manager Version">
<kw name="Run" library="OperatingSystem">
<var>${result}</var>
<arg>python3 ${EXECDIR}${/}rfswarm_manager${/}rfswarm.py -v</arg>
<doc>Runs the given command in the system and returns the output.</doc>
<msg timestamp="20220223 11:32:09.238" level="INFO">Running command 'python3 /home/runner/work/rfswarm/rfswarm/rfswarm_manager/rfswarm.py -v 2&gt;&amp;1'.</msg>
<msg timestamp="20220223 11:32:16.042" level="INFO">${result} = Robot Framework Swarm: Manager 
	Version 1.1.0 </msg>
<status status="PASS" starttime="20220223 11:32:09.235" endtime="20220223 11:32:16.042"/>
</kw>
<kw name="Log To Console" library="BuiltIn">
<arg>${\n}${result}</arg>
<doc>Logs the given message to the console.</doc>
<status status="PASS" starttime="20220223 11:32:16.042" endtime="20220223 11:32:16.043"/>
</kw>
<kw name="Should Contain" library="BuiltIn">
<arg>${result}</arg>
<arg>Version</arg>
<doc>Fails if ``container`` does not contain ``item`` one or more times.</doc>
<status status="PASS" starttime="20220223 11:32:16.043" endtime="20220223 11:32:16.043"/>
</kw>
<kw name="Should Contain" library="BuiltIn">
<arg>${result}</arg>
<arg>Manager</arg>
<doc>Fails if ``container`` does not contain ``item`` one or more times.</doc>
<status status="PASS" starttime="20220223 11:32:16.043" endtime="20220223 11:32:16.043"/>
</kw>
<tag>macos-latest</tag>
<tag>ubuntu-latest</tag>
<tag>windows-latest</tag>
<status status="PASS" starttime="20220223 11:32:09.234" endtime="20220223 11:32:16.044"/>
</test>
<test id="s1-s1-t3" name="Manager Help">
<kw name="Run" library="OperatingSystem">
<var>${result}</var>
<arg>python3 ${EXECDIR}${/}rfswarm_manager${/}rfswarm.py -h</arg>
<doc>Runs the given command in the system and returns the output.</doc>
<msg timestamp="20220223 11:32:16.045" level="INFO">Running command 'python3 /home/runner/work/rfswarm/rfswarm/rfswarm_manager/rfswarm.py -h 2&gt;&amp;1'.</msg>
<msg timestamp="20220223 11:32:17.171" level="INFO">${result} = Robot Framework Swarm: Manager 
	Version 1.1.0 
usage: rfswarm.py [-h] [-g DEBUG] [-v] [-i INI] [-s SCENARIO] [-r] [-a AGENTS]
                  [-n] [-t STARTTIME] [-d DIR] [-e IPADDRESS] [-p PORT]

...</msg>
<status status="PASS" starttime="20220223 11:32:16.045" endtime="20220223 11:32:17.171"/>
</kw>
<kw name="Log To Console" library="BuiltIn">
<arg>${\n}${result}</arg>
<doc>Logs the given message to the console.</doc>
<status status="PASS" starttime="20220223 11:32:17.171" endtime="20220223 11:32:17.171"/>
</kw>
<kw name="Should Contain" library="BuiltIn">
<arg>${result}</arg>
<arg>IPADDRESS</arg>
<doc>Fails if ``container`` does not contain ``item`` one or more times.</doc>
<status status="PASS" starttime="20220223 11:32:17.171" endtime="20220223 11:32:17.172"/>
</kw>
<tag>macos-latest</tag>
<tag>ubuntu-latest</tag>
<tag>windows-latest</tag>
<status status="PASS" starttime="20220223 11:32:16.044" endtime="20220223 11:32:17.172"/>
</test>
<status status="PASS" starttime="20220223 11:31:32.216" endtime="20220223 11:32:17.173"/>
</suite>
<suite id="s1-s2" name="GUI Basic" source="/home/runner/work/rfswarm/rfswarm/Tests/Regression/Manager/GUI_Basic.robot">
<test id="s1-s2-t1" name="GUI Runs and Closes">
<kw name="Start Process" library="Process">
<arg>python3</arg>
<arg>${EXECDIR}${/}rfswarm_manager${/}rfswarm.py</arg>
<arg>alias=Manager</arg>
<arg>stdout=${OUTPUT DIR}${/}stdout.txt</arg>
<arg>stderr=${OUTPUT DIR}${/}stderr.txt</arg>
<doc>Starts a new process on background.</doc>
<msg timestamp="20220223 11:32:17.289" level="INFO">Starting process:
python3 /home/runner/work/rfswarm/rfswarm/rfswarm_manager/rfswarm.py</msg>
<status status="PASS" starttime="20220223 11:32:17.288" endtime="20220223 11:32:17.293"/>
</kw>
<kw name="Sleep" library="BuiltIn">
<arg>60</arg>
<doc>Pauses the test executed for the given time.</doc>
<msg timestamp="20220223 11:33:17.294" level="INFO">Slept 1 minute</msg>
<status status="PASS" starttime="20220223 11:32:17.294" endtime="20220223 11:33:17.295"/>
</kw>
<kw name="Take A Screenshot">
<msg timestamp="20220223 11:33:17.298" level="FAIL">No keyword with name 'Take A Screenshot' found.</msg>
<status status="FAIL" starttime="20220223 11:33:17.298" endtime="20220223 11:33:17.299"/>
</kw>
<tag>ubuntu-latest</tag>
<status status="FAIL" starttime="20220223 11:32:17.287" endtime="20220223 11:33:17.300">No keyword with name 'Take A Screenshot' found.</status>
</test>
<status status="FAIL" starttime="20220223 11:32:17.174" endtime="20220223 11:33:17.300"/>
</suite>
<status status="FAIL" starttime="20220223 11:31:32.191" endtime="20220223 11:33:17.301"/>
</suite>
<statistics>
<total>
<stat pass="3" fail="1" skip="0">All Tests</stat>
</total>
<tag>
<stat pass="3" fail="0" skip="0">macos-latest</stat>
<stat pass="3" fail="1" skip="0">ubuntu-latest</stat>
<stat pass="3" fail="0" skip="0">windows-latest</stat>
</tag>
<suite>
<stat pass="3" fail="1" skip="0" id="s1" name="Manager">Manager</stat>
<stat pass="3" fail="0" skip="0" id="s1-s1" name="CommandLine">Manager.CommandLine</stat>
<stat pass="0" fail="1" skip="0" id="s1-s2" name="GUI Basic">Manager.GUI Basic</stat>
</suite>
</statistics>
<errors>
<msg timestamp="20220223 11:32:17.286" level="ERROR">Error in file '/home/runner/work/rfswarm/rfswarm/Tests/Regression/Manager/GUI_Basic.robot' on line 10: Importing library 'ImageHorizonLibrary' failed: KeyError: 'DISPLAY'
Traceback (most recent call last):
  File "/opt/hostedtoolcache/Python/3.10.2/x64/lib/python3.10/site-packages/ImageHorizonLibrary/__init__.py", line 8, in &lt;module&gt;
    import pyautogui as ag
  File "/opt/hostedtoolcache/Python/3.10.2/x64/lib/python3.10/site-packages/pyautogui/__init__.py", line 249, in &lt;module&gt;
    import mouseinfo
  File "/opt/hostedtoolcache/Python/3.10.2/x64/lib/python3.10/site-packages/mouseinfo/__init__.py", line 223, in &lt;module&gt;
    _display = Display(os.environ['DISPLAY'])
  File "/opt/hostedtoolcache/Python/3.10.2/x64/lib/python3.10/os.py", line 679, in __getitem__
    raise KeyError(key) from None
PYTHONPATH:
  /opt/hostedtoolcache/Python/3.10.2/x64/bin
  /opt/hostedtoolcache/Python/3.10.2/x64/lib/python310.zip
  /opt/hostedtoolcache/Python/3.10.2/x64/lib/python3.10
  /opt/hostedtoolcache/Python/3.10.2/x64/lib/python3.10/lib-dynload
  /opt/hostedtoolcache/Python/3.10.2/x64/lib/python3.10/site-packages</msg>
</errors>
</robot>
