<?xml version="1.0" encoding="UTF-8"?>
<robot generator="Robot 6.0.2 (Python 3.11.2 on darwin)" generated="20230305 10:19:51.035" rpa="false" schemaversion="3">
<suite id="s1" name="Manager" source="/Users/runner/work/rfswarm/rfswarm/Tests/Regression/Manager">
<suite id="s1-s1" name="CommandLine" source="/Users/runner/work/rfswarm/rfswarm/Tests/Regression/Manager/CommandLine.robot">
<kw name="Clean Up Old Files" type="SETUP">
<tag>macos-latest</tag>
<tag>ubuntu-latest</tag>
<tag>windows-latest</tag>
<kw name="Log To Console" library="BuiltIn">
<arg>${OUTPUT DIR}</arg>
<doc>Logs the given message to the console.</doc>
<status status="PASS" starttime="20230305 10:19:51.090" endtime="20230305 10:19:51.091"/>
</kw>
<kw name="Remove File" library="OperatingSystem">
<arg>${OUTPUT DIR}${/}*.txt</arg>
<doc>Removes a file with the given path.</doc>
<msg timestamp="20230305 10:19:51.092" level="INFO" html="true">Removed file '&lt;a href="file:///Users/runner/work/rfswarm/rfswarm/Tests/Regression/Manager/Logs/macos-latest_3.11/stdout.txt"&gt;/Users/runner/work/rfswarm/rfswarm/Tests/Regression/Manager/Logs/macos-latest_3.11/stdout.txt&lt;/a&gt;'.</msg>
<msg timestamp="20230305 10:19:51.092" level="INFO" html="true">Removed file '&lt;a href="file:///Users/runner/work/rfswarm/rfswarm/Tests/Regression/Manager/Logs/macos-latest_3.11/stderr.txt"&gt;/Users/runner/work/rfswarm/rfswarm/Tests/Regression/Manager/Logs/macos-latest_3.11/stderr.txt&lt;/a&gt;'.</msg>
<status status="PASS" starttime="20230305 10:19:51.091" endtime="20230305 10:19:51.093"/>
</kw>
<kw name="Remove File" library="OperatingSystem">
<arg>${OUTPUT DIR}${/}*.png</arg>
<doc>Removes a file with the given path.</doc>
<msg timestamp="20230305 10:19:51.094" level="INFO" html="true">Removed file '&lt;a href="file:///Users/runner/work/rfswarm/rfswarm/Tests/Regression/Manager/Logs/macos-latest_3.11/Manager.GUIBasic-screenshot-1.png"&gt;/Users/runner/work/rfswarm/rfswarm/Tests/Regression/Manager/Logs/macos-latest_3.11/Manager.GUIBasic-screenshot-1.png&lt;/a&gt;'.</msg>
<msg timestamp="20230305 10:19:51.095" level="INFO" html="true">Removed file '&lt;a href="file:///Users/runner/work/rfswarm/rfswarm/Tests/Regression/Manager/Logs/macos-latest_3.11/Manager.GUIBasic-screenshot-2.png"&gt;/Users/runner/work/rfswarm/rfswarm/Tests/Regression/Manager/Logs/macos-latest_3.11/Manager.GUIBasic-screenshot-2.png&lt;/a&gt;'.</msg>
<status status="PASS" starttime="20230305 10:19:51.093" endtime="20230305 10:19:51.095"/>
</kw>
<status status="PASS" starttime="20230305 10:19:51.090" endtime="20230305 10:19:51.095"/>
</kw>
<test id="s1-s1-t1" name="Random Offset" line="7">
<kw name="Evaluate" library="BuiltIn">
<var>${random}</var>
<arg>random.randint(0, 60)</arg>
<doc>Evaluates the given expression in Python and returns the result.</doc>
<msg timestamp="20230305 10:19:51.096" level="INFO">${random} = 4</msg>
<status status="PASS" starttime="20230305 10:19:51.096" endtime="20230305 10:19:51.096"/>
</kw>
<kw name="Sleep" library="BuiltIn">
<arg>${random}</arg>
<doc>Pauses the test executed for the given time.</doc>
<msg timestamp="20230305 10:19:55.142" level="INFO">Slept 4 seconds</msg>
<status status="PASS" starttime="20230305 10:19:51.096" endtime="20230305 10:19:55.142"/>
</kw>
<doc>This just prevents all the test runners doing git push at the same time</doc>
<tag>macos-latest</tag>
<tag>ubuntu-latest</tag>
<tag>windows-latest</tag>
<status status="PASS" starttime="20230305 10:19:51.095" endtime="20230305 10:19:55.143"/>
</test>
<test id="s1-s1-t2" name="Manager Version" line="13">
<kw name="Run" library="OperatingSystem">
<var>${result}</var>
<arg>python3 ${EXECDIR}${/}rfswarm_manager${/}rfswarm.py -v</arg>
<doc>Runs the given command in the system and returns the output.</doc>
<msg timestamp="20230305 10:19:55.151" level="INFO">Running command 'python3 /Users/runner/work/rfswarm/rfswarm/rfswarm_manager/rfswarm.py -v 2&gt;&amp;1'.</msg>
<msg timestamp="20230305 10:20:05.437" level="INFO">${result} = Robot Framework Swarm: Manager 
	Version 1.1.0 </msg>
<status status="PASS" starttime="20230305 10:19:55.143" endtime="20230305 10:20:05.437"/>
</kw>
<kw name="Log To Console" library="BuiltIn">
<arg>${\n}${result}</arg>
<doc>Logs the given message to the console.</doc>
<status status="PASS" starttime="20230305 10:20:05.438" endtime="20230305 10:20:05.438"/>
</kw>
<kw name="Should Contain" library="BuiltIn">
<arg>${result}</arg>
<arg>Version</arg>
<doc>Fails if ``container`` does not contain ``item`` one or more times.</doc>
<status status="PASS" starttime="20230305 10:20:05.438" endtime="20230305 10:20:05.439"/>
</kw>
<kw name="Should Contain" library="BuiltIn">
<arg>${result}</arg>
<arg>Manager</arg>
<doc>Fails if ``container`` does not contain ``item`` one or more times.</doc>
<status status="PASS" starttime="20230305 10:20:05.439" endtime="20230305 10:20:05.439"/>
</kw>
<tag>macos-latest</tag>
<tag>ubuntu-latest</tag>
<tag>windows-latest</tag>
<status status="PASS" starttime="20230305 10:19:55.143" endtime="20230305 10:20:05.439"/>
</test>
<test id="s1-s1-t3" name="Manager Help" line="20">
<kw name="Run" library="OperatingSystem">
<var>${result}</var>
<arg>python3 ${EXECDIR}${/}rfswarm_manager${/}rfswarm.py -h</arg>
<doc>Runs the given command in the system and returns the output.</doc>
<msg timestamp="20230305 10:20:05.444" level="INFO">Running command 'python3 /Users/runner/work/rfswarm/rfswarm/rfswarm_manager/rfswarm.py -h 2&gt;&amp;1'.</msg>
<msg timestamp="20230305 10:20:06.469" level="INFO">${result} = Robot Framework Swarm: Manager 
	Version 1.1.0 
usage: rfswarm.py [-h] [-g DEBUG] [-v] [-i INI] [-s SCENARIO] [-r] [-a AGENTS]
                  [-n] [-t STARTTIME] [-d DIR] [-e IPADDRESS] [-p PORT]

...</msg>
<status status="PASS" starttime="20230305 10:20:05.440" endtime="20230305 10:20:06.469"/>
</kw>
<kw name="Log To Console" library="BuiltIn">
<arg>${\n}${result}</arg>
<doc>Logs the given message to the console.</doc>
<status status="PASS" starttime="20230305 10:20:06.469" endtime="20230305 10:20:06.470"/>
</kw>
<kw name="Should Contain" library="BuiltIn">
<arg>${result}</arg>
<arg>IPADDRESS</arg>
<doc>Fails if ``container`` does not contain ``item`` one or more times.</doc>
<status status="PASS" starttime="20230305 10:20:06.471" endtime="20230305 10:20:06.471"/>
</kw>
<tag>macos-latest</tag>
<tag>ubuntu-latest</tag>
<tag>windows-latest</tag>
<status status="PASS" starttime="20230305 10:20:05.439" endtime="20230305 10:20:06.471"/>
</test>
<status status="PASS" starttime="20230305 10:19:51.070" endtime="20230305 10:20:06.473"/>
</suite>
<suite id="s1-s2" name="GUI Basic" source="/Users/runner/work/rfswarm/rfswarm/Tests/Regression/Manager/GUI_Basic.robot">
<test id="s1-s2-t1" name="GUI Runs and Closes" line="17">
<kw name="Set Suite Variable" library="BuiltIn">
<arg>${platform}</arg>
<arg>macos</arg>
<doc>Makes a variable available everywhere within the scope of the current suite.</doc>
<msg timestamp="20230305 10:20:07.788" level="INFO">${platform} = macos</msg>
<status status="PASS" starttime="20230305 10:20:07.787" endtime="20230305 10:20:07.788"/>
</kw>
<kw name="Set Confidence" library="ImageHorizonLibrary">
<arg>0.8</arg>
<doc>Sets the accuracy when finding images.</doc>
<status status="PASS" starttime="20230305 10:20:07.788" endtime="20230305 10:20:07.788"/>
</kw>
<kw name="Start Process" library="Process">
<arg>python3</arg>
<arg>${pyfile}</arg>
<arg>-g</arg>
<arg>5</arg>
<arg>alias=Manager</arg>
<arg>stdout=${OUTPUT DIR}${/}stdout.txt</arg>
<arg>stderr=${OUTPUT DIR}${/}stderr.txt</arg>
<doc>Starts a new process on background.</doc>
<msg timestamp="20230305 10:20:07.790" level="INFO">Starting process:
python3 /Users/runner/work/rfswarm/rfswarm/rfswarm_manager/rfswarm.py -g 5</msg>
<status status="PASS" starttime="20230305 10:20:07.789" endtime="20230305 10:20:07.797"/>
</kw>
<kw name="Sleep" library="BuiltIn">
<arg>60</arg>
<doc>Pauses the test executed for the given time.</doc>
<msg timestamp="20230305 10:21:07.852" level="INFO">Slept 1 minute</msg>
<status status="PASS" starttime="20230305 10:20:07.797" endtime="20230305 10:21:07.852"/>
</kw>
<kw name="Set Screenshot Folder" library="ImageHorizonLibrary">
<arg>${OUTPUT DIR}</arg>
<doc>Sets the folder where screenshots are saved to.</doc>
<status status="PASS" starttime="20230305 10:21:07.852" endtime="20230305 10:21:07.853"/>
</kw>
<kw name="Take A Screenshot" library="ImageHorizonLibrary">
<doc>Takes a screenshot of the screen.</doc>
<msg timestamp="20230305 10:21:07.853" level="INFO" html="true">Screenshot taken: /Users/runner/work/rfswarm/rfswarm/Tests/Regression/Manager/Logs/macos-latest_3.11/Manager.GUIBasic-screenshot-1.png&lt;br/&gt;&lt;img src="/Users/runner/work/rfswarm/rfswarm/Tests/Regression/Manager/Logs/macos-latest_3.11/Manager.GUIBasic-screenshot-1.png" width="100%" /&gt;</msg>
<status status="PASS" starttime="20230305 10:21:07.853" endtime="20230305 10:21:08.199"/>
</kw>
<tag>macos-latest</tag>
<status status="PASS" starttime="20230305 10:20:07.786" endtime="20230305 10:21:08.200"/>
</test>
<test id="s1-s2-t2" name="Select Run Tab" line="50">
<kw name="Click Run Tab">
<kw name="Wait For" library="ImageHorizonLibrary">
<arg>manager_${platform}_run_tab.png</arg>
<arg>timeout=10</arg>
<doc>Tries to locate given image from the screen for given time.</doc>
<msg timestamp="20230305 10:21:08.202" level="WARN">Can't set confidence because you don't have OpenCV (python-opencv) installed or a confidence level was not given.</msg>
<msg timestamp="20230305 10:21:09.079" level="WARN">Can't set confidence because you don't have OpenCV (python-opencv) installed or a confidence level was not given.</msg>
<msg timestamp="20230305 10:21:09.852" level="WARN">Can't set confidence because you don't have OpenCV (python-opencv) installed or a confidence level was not given.</msg>
<msg timestamp="20230305 10:21:10.588" level="WARN">Can't set confidence because you don't have OpenCV (python-opencv) installed or a confidence level was not given.</msg>
<msg timestamp="20230305 10:21:11.323" level="WARN">Can't set confidence because you don't have OpenCV (python-opencv) installed or a confidence level was not given.</msg>
<msg timestamp="20230305 10:21:12.068" level="WARN">Can't set confidence because you don't have OpenCV (python-opencv) installed or a confidence level was not given.</msg>
<msg timestamp="20230305 10:21:12.804" level="WARN">Can't set confidence because you don't have OpenCV (python-opencv) installed or a confidence level was not given.</msg>
<msg timestamp="20230305 10:21:13.536" level="WARN">Can't set confidence because you don't have OpenCV (python-opencv) installed or a confidence level was not given.</msg>
<msg timestamp="20230305 10:21:14.272" level="WARN">Can't set confidence because you don't have OpenCV (python-opencv) installed or a confidence level was not given.</msg>
<msg timestamp="20230305 10:21:15.068" level="WARN">Can't set confidence because you don't have OpenCV (python-opencv) installed or a confidence level was not given.</msg>
<msg timestamp="20230305 10:21:15.830" level="WARN">Can't set confidence because you don't have OpenCV (python-opencv) installed or a confidence level was not given.</msg>
<msg timestamp="20230305 10:21:16.570" level="WARN">Can't set confidence because you don't have OpenCV (python-opencv) installed or a confidence level was not given.</msg>
<msg timestamp="20230305 10:21:17.298" level="WARN">Can't set confidence because you don't have OpenCV (python-opencv) installed or a confidence level was not given.</msg>
<msg timestamp="20230305 10:21:18.028" level="WARN">Can't set confidence because you don't have OpenCV (python-opencv) installed or a confidence level was not given.</msg>
<kw name="Take A Screenshot" library="ImageHorizonLibrary">
<doc>Takes a screenshot of the screen.</doc>
<msg timestamp="20230305 10:21:18.752" level="INFO" html="true">Screenshot taken: /Users/runner/work/rfswarm/rfswarm/Tests/Regression/Manager/Logs/macos-latest_3.11/Manager.GUIBasic-screenshot-2.png&lt;br/&gt;&lt;img src="/Users/runner/work/rfswarm/rfswarm/Tests/Regression/Manager/Logs/macos-latest_3.11/Manager.GUIBasic-screenshot-2.png" width="100%" /&gt;</msg>
<status status="PASS" starttime="20230305 10:21:18.751" endtime="20230305 10:21:19.019"/>
</kw>
<msg timestamp="20230305 10:21:19.021" level="FAIL">ImageNotFoundException: Reference image "/Users/runner/work/rfswarm/rfswarm/Tests/Regression/Manager/img/manager_macos_run_tab.png" was not found on screen</msg>
<status status="FAIL" starttime="20230305 10:21:08.201" endtime="20230305 10:21:19.023"/>
</kw>
<kw name="Locate" library="ImageHorizonLibrary">
<var>@{coordinates}</var>
<arg>manager_${platform}_run_tab.png</arg>
<doc>Locate image on screen.</doc>
<status status="NOT RUN" starttime="20230305 10:21:19.024" endtime="20230305 10:21:19.024"/>
</kw>
<kw name="Click Image" library="ImageHorizonLibrary">
<arg>manager_${platform}_run_tab.png</arg>
<doc>Finds the reference image on screen and clicks it once.</doc>
<status status="NOT RUN" starttime="20230305 10:21:19.024" endtime="20230305 10:21:19.024"/>
</kw>
<kw name="Take A Screenshot" library="ImageHorizonLibrary">
<doc>Takes a screenshot of the screen.</doc>
<status status="NOT RUN" starttime="20230305 10:21:19.024" endtime="20230305 10:21:19.024"/>
</kw>
<status status="FAIL" starttime="20230305 10:21:08.201" endtime="20230305 10:21:19.025"/>
</kw>
<tag>macos-latest</tag>
<tag>ubuntu-latest</tag>
<tag>windows-latest</tag>
<status status="FAIL" starttime="20230305 10:21:08.200" endtime="20230305 10:21:19.025">ImageNotFoundException: Reference image "/Users/runner/work/rfswarm/rfswarm/Tests/Regression/Manager/img/manager_macos_run_tab.png" was not found on screen</status>
</test>
<status status="FAIL" starttime="20230305 10:20:06.474" endtime="20230305 10:21:19.026"/>
</suite>
<status status="FAIL" starttime="20230305 10:19:51.037" endtime="20230305 10:21:19.028"/>
</suite>
<statistics>
<total>
<stat pass="4" fail="1" skip="0">All Tests</stat>
</total>
<tag>
<stat pass="4" fail="1" skip="0">macos-latest</stat>
<stat pass="3" fail="1" skip="0">ubuntu-latest</stat>
<stat pass="3" fail="1" skip="0">windows-latest</stat>
</tag>
<suite>
<stat pass="4" fail="1" skip="0" id="s1" name="Manager">Manager</stat>
<stat pass="3" fail="0" skip="0" id="s1-s1" name="CommandLine">Manager.CommandLine</stat>
<stat pass="1" fail="1" skip="0" id="s1-s2" name="GUI Basic">Manager.GUI Basic</stat>
</suite>
</statistics>
<errors>
<msg timestamp="20230305 10:21:08.202" level="WARN">Can't set confidence because you don't have OpenCV (python-opencv) installed or a confidence level was not given.</msg>
<msg timestamp="20230305 10:21:09.079" level="WARN">Can't set confidence because you don't have OpenCV (python-opencv) installed or a confidence level was not given.</msg>
<msg timestamp="20230305 10:21:09.852" level="WARN">Can't set confidence because you don't have OpenCV (python-opencv) installed or a confidence level was not given.</msg>
<msg timestamp="20230305 10:21:10.588" level="WARN">Can't set confidence because you don't have OpenCV (python-opencv) installed or a confidence level was not given.</msg>
<msg timestamp="20230305 10:21:11.323" level="WARN">Can't set confidence because you don't have OpenCV (python-opencv) installed or a confidence level was not given.</msg>
<msg timestamp="20230305 10:21:12.068" level="WARN">Can't set confidence because you don't have OpenCV (python-opencv) installed or a confidence level was not given.</msg>
<msg timestamp="20230305 10:21:12.804" level="WARN">Can't set confidence because you don't have OpenCV (python-opencv) installed or a confidence level was not given.</msg>
<msg timestamp="20230305 10:21:13.536" level="WARN">Can't set confidence because you don't have OpenCV (python-opencv) installed or a confidence level was not given.</msg>
<msg timestamp="20230305 10:21:14.272" level="WARN">Can't set confidence because you don't have OpenCV (python-opencv) installed or a confidence level was not given.</msg>
<msg timestamp="20230305 10:21:15.068" level="WARN">Can't set confidence because you don't have OpenCV (python-opencv) installed or a confidence level was not given.</msg>
<msg timestamp="20230305 10:21:15.830" level="WARN">Can't set confidence because you don't have OpenCV (python-opencv) installed or a confidence level was not given.</msg>
<msg timestamp="20230305 10:21:16.570" level="WARN">Can't set confidence because you don't have OpenCV (python-opencv) installed or a confidence level was not given.</msg>
<msg timestamp="20230305 10:21:17.298" level="WARN">Can't set confidence because you don't have OpenCV (python-opencv) installed or a confidence level was not given.</msg>
<msg timestamp="20230305 10:21:18.028" level="WARN">Can't set confidence because you don't have OpenCV (python-opencv) installed or a confidence level was not given.</msg>
</errors>
</robot>
