<?xml version="1.0" encoding="UTF-8"?>
<robot generator="Robot 6.0.2 (Python 3.7.16 on darwin)" generated="20230604 03:36:31.201" rpa="false" schemaversion="3">
<suite id="s1" name="Manager" source="/Users/runner/work/rfswarm/rfswarm/Tests/Regression/Manager">
<suite id="s1-s1" name="CommandLine" source="/Users/runner/work/rfswarm/rfswarm/Tests/Regression/Manager/CommandLine.robot">
<kw name="Clean Up Old Files" type="SETUP">
<tag>macos-latest</tag>
<tag>ubuntu-latest</tag>
<tag>windows-latest</tag>
<kw name="Log To Console" library="BuiltIn">
<arg>${OUTPUT DIR}</arg>
<doc>Logs the given message to the console.</doc>
<status status="PASS" starttime="20230604 03:36:31.240" endtime="20230604 03:36:31.240"/>
</kw>
<kw name="Remove File" library="OperatingSystem">
<arg>${OUTPUT DIR}${/}*.txt</arg>
<doc>Removes a file with the given path.</doc>
<msg timestamp="20230604 03:36:31.241" level="INFO" html="true">Removed file '&lt;a href="file:///Users/runner/work/rfswarm/rfswarm/Tests/Regression/Manager/Logs/macos-latest_3.7/stdout.txt"&gt;/Users/runner/work/rfswarm/rfswarm/Tests/Regression/Manager/Logs/macos-latest_3.7/stdout.txt&lt;/a&gt;'.</msg>
<msg timestamp="20230604 03:36:31.241" level="INFO" html="true">Removed file '&lt;a href="file:///Users/runner/work/rfswarm/rfswarm/Tests/Regression/Manager/Logs/macos-latest_3.7/stderr.txt"&gt;/Users/runner/work/rfswarm/rfswarm/Tests/Regression/Manager/Logs/macos-latest_3.7/stderr.txt&lt;/a&gt;'.</msg>
<status status="PASS" starttime="20230604 03:36:31.241" endtime="20230604 03:36:31.242"/>
</kw>
<kw name="Remove File" library="OperatingSystem">
<arg>${OUTPUT DIR}${/}*.png</arg>
<doc>Removes a file with the given path.</doc>
<msg timestamp="20230604 03:36:31.242" level="INFO" html="true">File '&lt;a href="file:///Users/runner/work/rfswarm/rfswarm/Tests/Regression/Manager/Logs/macos-latest_3.7/*.png"&gt;/Users/runner/work/rfswarm/rfswarm/Tests/Regression/Manager/Logs/macos-latest_3.7/*.png&lt;/a&gt;' does not exist.</msg>
<status status="PASS" starttime="20230604 03:36:31.242" endtime="20230604 03:36:31.242"/>
</kw>
<status status="PASS" starttime="20230604 03:36:31.240" endtime="20230604 03:36:31.242"/>
</kw>
<test id="s1-s1-t1" name="Random Offset" line="7">
<kw name="Evaluate" library="BuiltIn">
<var>${random}</var>
<arg>random.randint(0, 60)</arg>
<doc>Evaluates the given expression in Python and returns the result.</doc>
<msg timestamp="20230604 03:36:31.243" level="INFO">${random} = 10</msg>
<status status="PASS" starttime="20230604 03:36:31.243" endtime="20230604 03:36:31.243"/>
</kw>
<kw name="Sleep" library="BuiltIn">
<arg>${random}</arg>
<doc>Pauses the test executed for the given time.</doc>
<msg timestamp="20230604 03:36:41.244" level="INFO">Slept 10 seconds</msg>
<status status="PASS" starttime="20230604 03:36:31.244" endtime="20230604 03:36:41.244"/>
</kw>
<doc>This just prevents all the test runners doing git push at the same time</doc>
<tag>macos-latest</tag>
<tag>ubuntu-latest</tag>
<tag>windows-latest</tag>
<status status="PASS" starttime="20230604 03:36:31.243" endtime="20230604 03:36:41.245"/>
</test>
<test id="s1-s1-t2" name="Manager Version" line="13">
<kw name="Run" library="OperatingSystem">
<var>${result}</var>
<arg>python3 ${EXECDIR}${/}rfswarm_manager${/}rfswarm.py -v</arg>
<doc>Runs the given command in the system and returns the output.</doc>
<msg timestamp="20230604 03:36:41.252" level="INFO">Running command 'python3 /Users/runner/work/rfswarm/rfswarm/rfswarm_manager/rfswarm.py -v 2&gt;&amp;1'.</msg>
<msg timestamp="20230604 03:36:53.542" level="INFO">${result} = Robot Framework Swarm: Manager 
	Version 1.1.3 </msg>
<status status="PASS" starttime="20230604 03:36:41.246" endtime="20230604 03:36:53.542"/>
</kw>
<kw name="Log To Console" library="BuiltIn">
<arg>${\n}${result}</arg>
<doc>Logs the given message to the console.</doc>
<status status="PASS" starttime="20230604 03:36:53.543" endtime="20230604 03:36:53.543"/>
</kw>
<kw name="Should Contain" library="BuiltIn">
<arg>${result}</arg>
<arg>Version</arg>
<doc>Fails if ``container`` does not contain ``item`` one or more times.</doc>
<status status="PASS" starttime="20230604 03:36:53.543" endtime="20230604 03:36:53.544"/>
</kw>
<kw name="Should Contain" library="BuiltIn">
<arg>${result}</arg>
<arg>Manager</arg>
<doc>Fails if ``container`` does not contain ``item`` one or more times.</doc>
<status status="PASS" starttime="20230604 03:36:53.544" endtime="20230604 03:36:53.544"/>
</kw>
<tag>macos-latest</tag>
<tag>ubuntu-latest</tag>
<tag>windows-latest</tag>
<status status="PASS" starttime="20230604 03:36:41.245" endtime="20230604 03:36:53.544"/>
</test>
<test id="s1-s1-t3" name="Manager Help" line="20">
<kw name="Run" library="OperatingSystem">
<var>${result}</var>
<arg>python3 ${EXECDIR}${/}rfswarm_manager${/}rfswarm.py -h</arg>
<doc>Runs the given command in the system and returns the output.</doc>
<msg timestamp="20230604 03:36:53.551" level="INFO">Running command 'python3 /Users/runner/work/rfswarm/rfswarm/rfswarm_manager/rfswarm.py -h 2&gt;&amp;1'.</msg>
<msg timestamp="20230604 03:36:54.908" level="INFO">${result} = Robot Framework Swarm: Manager 
	Version 1.1.3 
usage: rfswarm.py [-h] [-g DEBUG] [-v] [-i INI] [-s SCENARIO] [-r] [-a AGENTS]
                  [-n] [-t STARTTIME] [-d DIR] [-e IPADDRESS] [-p PORT]

...</msg>
<status status="PASS" starttime="20230604 03:36:53.545" endtime="20230604 03:36:54.908"/>
</kw>
<kw name="Log To Console" library="BuiltIn">
<arg>${\n}${result}</arg>
<doc>Logs the given message to the console.</doc>
<status status="PASS" starttime="20230604 03:36:54.908" endtime="20230604 03:36:54.909"/>
</kw>
<kw name="Should Contain" library="BuiltIn">
<arg>${result}</arg>
<arg>IPADDRESS</arg>
<doc>Fails if ``container`` does not contain ``item`` one or more times.</doc>
<status status="PASS" starttime="20230604 03:36:54.909" endtime="20230604 03:36:54.909"/>
</kw>
<tag>macos-latest</tag>
<tag>ubuntu-latest</tag>
<tag>windows-latest</tag>
<status status="PASS" starttime="20230604 03:36:53.545" endtime="20230604 03:36:54.909"/>
</test>
<status status="PASS" starttime="20230604 03:36:31.228" endtime="20230604 03:36:54.910"/>
</suite>
<suite id="s1-s2" name="GUI Basic" source="/Users/runner/work/rfswarm/rfswarm/Tests/Regression/Manager/GUI_Basic.robot">
<test id="s1-s2-t1" name="Open GUI" line="14">
<kw name="Set Suite Variable" library="BuiltIn">
<arg>${platform}</arg>
<arg>macos</arg>
<doc>Makes a variable available everywhere within the scope of the current suite.</doc>
<msg timestamp="20230604 03:36:54.929" level="INFO">${platform} = macos</msg>
<status status="PASS" starttime="20230604 03:36:54.928" endtime="20230604 03:36:54.930"/>
</kw>
<kw name="Set Confidence">
<arg>0.9</arg>
<msg timestamp="20230604 03:36:54.933" level="FAIL">No keyword with name 'Set Confidence' found.</msg>
<status status="FAIL" starttime="20230604 03:36:54.933" endtime="20230604 03:36:54.933"/>
</kw>
<kw name="Start Process" library="Process">
<var>${process}</var>
<arg>python3</arg>
<arg>${pyfile}</arg>
<arg>alias=Manager</arg>
<arg>stdout=${OUTPUT DIR}${/}stdout.txt</arg>
<arg>stderr=${OUTPUT DIR}${/}stderr.txt</arg>
<doc>Starts a new process on background.</doc>
<status status="NOT RUN" starttime="20230604 03:36:54.933" endtime="20230604 03:36:54.933"/>
</kw>
<kw name="Set Test Variable" library="BuiltIn">
<arg>$process</arg>
<arg>${process}</arg>
<doc>Makes a variable available everywhere within the scope of the current test.</doc>
<status status="NOT RUN" starttime="20230604 03:36:54.934" endtime="20230604 03:36:54.934"/>
</kw>
<kw name="Sleep" library="BuiltIn">
<arg>10</arg>
<doc>Pauses the test executed for the given time.</doc>
<status status="NOT RUN" starttime="20230604 03:36:54.934" endtime="20230604 03:36:54.934"/>
</kw>
<kw name="Set Screenshot Folder">
<arg>${OUTPUT DIR}</arg>
<status status="NOT RUN" starttime="20230604 03:36:54.937" endtime="20230604 03:36:54.937"/>
</kw>
<kw name="Take A Screenshot">
<status status="NOT RUN" starttime="20230604 03:36:54.941" endtime="20230604 03:36:54.941"/>
</kw>
<tag>macos-latest</tag>
<status status="FAIL" starttime="20230604 03:36:54.928" endtime="20230604 03:36:54.941">No keyword with name 'Set Confidence' found.</status>
</test>
<test id="s1-s2-t2" name="Select Run Tab" line="44">
<kw name="Click Tab">
<arg>Run</arg>
<kw name="Convert To Lower Case" library="String">
<var>${tabnamel}</var>
<arg>${tabname}</arg>
<doc>Converts string to lower case.</doc>
<msg timestamp="20230604 03:36:54.943" level="INFO">${tabnamel} = run</msg>
<status status="PASS" starttime="20230604 03:36:54.942" endtime="20230604 03:36:54.943"/>
</kw>
<kw name="Set Variable" library="BuiltIn">
<var>${img}</var>
<arg>manager_${platform}_tab_${tabnamel}.png</arg>
<doc>Returns the given values which can then be assigned to a variables.</doc>
<msg timestamp="20230604 03:36:54.943" level="INFO">${img} = manager_macos_tab_run.png</msg>
<status status="PASS" starttime="20230604 03:36:54.943" endtime="20230604 03:36:54.943"/>
</kw>
<kw name="Log" library="BuiltIn">
<arg>/Users/runner/work/rfswarm/rfswarm/Tests/Regression/Manager</arg>
<doc>Logs the given message with the given level.</doc>
<msg timestamp="20230604 03:36:54.943" level="INFO">/Users/runner/work/rfswarm/rfswarm/Tests/Regression/Manager</msg>
<status status="PASS" starttime="20230604 03:36:54.943" endtime="20230604 03:36:54.944"/>
</kw>
<kw name="Log" library="BuiltIn">
<arg>${IMAGE_DIR}</arg>
<doc>Logs the given message with the given level.</doc>
<msg timestamp="20230604 03:36:54.944" level="INFO">/Users/runner/work/rfswarm/rfswarm/Tests/Regression/Manager/Images/file_method</msg>
<status status="PASS" starttime="20230604 03:36:54.944" endtime="20230604 03:36:54.944"/>
</kw>
<kw name="Wait For">
<arg>${img}</arg>
<arg>timeout=300</arg>
<msg timestamp="20230604 03:36:54.947" level="FAIL">No keyword with name 'Wait For' found.</msg>
<status status="FAIL" starttime="20230604 03:36:54.947" endtime="20230604 03:36:54.947"/>
</kw>
<kw name="Locate">
<var>@{coordinates}</var>
<arg>${img}</arg>
<status status="NOT RUN" starttime="20230604 03:36:54.950" endtime="20230604 03:36:54.950"/>
</kw>
<kw name="Click Image">
<arg>${img}</arg>
<status status="NOT RUN" starttime="20230604 03:36:54.953" endtime="20230604 03:36:54.954"/>
</kw>
<kw name="Sleep" library="BuiltIn">
<arg>0.1</arg>
<doc>Pauses the test executed for the given time.</doc>
<status status="NOT RUN" starttime="20230604 03:36:54.954" endtime="20230604 03:36:54.954"/>
</kw>
<kw name="Take A Screenshot">
<status status="NOT RUN" starttime="20230604 03:36:54.957" endtime="20230604 03:36:54.957"/>
</kw>
<status status="FAIL" starttime="20230604 03:36:54.942" endtime="20230604 03:36:54.957"/>
</kw>
<kw name="Sleep" library="BuiltIn">
<arg>5</arg>
<doc>Pauses the test executed for the given time.</doc>
<status status="NOT RUN" starttime="20230604 03:36:54.957" endtime="20230604 03:36:54.958"/>
</kw>
<tag>macos-latest</tag>
<tag>ubuntu-latest</tag>
<tag>windows-latest</tag>
<status status="FAIL" starttime="20230604 03:36:54.941" endtime="20230604 03:36:54.958">No keyword with name 'Wait For' found.</status>
</test>
<test id="s1-s2-t3" name="Select Agents Tab" line="49">
<kw name="Click Tab">
<arg>Agents</arg>
<kw name="Convert To Lower Case" library="String">
<var>${tabnamel}</var>
<arg>${tabname}</arg>
<doc>Converts string to lower case.</doc>
<msg timestamp="20230604 03:36:54.959" level="INFO">${tabnamel} = agents</msg>
<status status="PASS" starttime="20230604 03:36:54.959" endtime="20230604 03:36:54.959"/>
</kw>
<kw name="Set Variable" library="BuiltIn">
<var>${img}</var>
<arg>manager_${platform}_tab_${tabnamel}.png</arg>
<doc>Returns the given values which can then be assigned to a variables.</doc>
<msg timestamp="20230604 03:36:54.960" level="INFO">${img} = manager_macos_tab_agents.png</msg>
<status status="PASS" starttime="20230604 03:36:54.959" endtime="20230604 03:36:54.960"/>
</kw>
<kw name="Log" library="BuiltIn">
<arg>/Users/runner/work/rfswarm/rfswarm/Tests/Regression/Manager</arg>
<doc>Logs the given message with the given level.</doc>
<msg timestamp="20230604 03:36:54.960" level="INFO">/Users/runner/work/rfswarm/rfswarm/Tests/Regression/Manager</msg>
<status status="PASS" starttime="20230604 03:36:54.960" endtime="20230604 03:36:54.960"/>
</kw>
<kw name="Log" library="BuiltIn">
<arg>${IMAGE_DIR}</arg>
<doc>Logs the given message with the given level.</doc>
<msg timestamp="20230604 03:36:54.960" level="INFO">/Users/runner/work/rfswarm/rfswarm/Tests/Regression/Manager/Images/file_method</msg>
<status status="PASS" starttime="20230604 03:36:54.960" endtime="20230604 03:36:54.960"/>
</kw>
<kw name="Wait For">
<arg>${img}</arg>
<arg>timeout=300</arg>
<msg timestamp="20230604 03:36:54.963" level="FAIL">No keyword with name 'Wait For' found.</msg>
<status status="FAIL" starttime="20230604 03:36:54.963" endtime="20230604 03:36:54.963"/>
</kw>
<kw name="Locate">
<var>@{coordinates}</var>
<arg>${img}</arg>
<status status="NOT RUN" starttime="20230604 03:36:54.966" endtime="20230604 03:36:54.966"/>
</kw>
<kw name="Click Image">
<arg>${img}</arg>
<status status="NOT RUN" starttime="20230604 03:36:54.970" endtime="20230604 03:36:54.970"/>
</kw>
<kw name="Sleep" library="BuiltIn">
<arg>0.1</arg>
<doc>Pauses the test executed for the given time.</doc>
<status status="NOT RUN" starttime="20230604 03:36:54.970" endtime="20230604 03:36:54.970"/>
</kw>
<kw name="Take A Screenshot">
<status status="NOT RUN" starttime="20230604 03:36:54.973" endtime="20230604 03:36:54.973"/>
</kw>
<status status="FAIL" starttime="20230604 03:36:54.958" endtime="20230604 03:36:54.973"/>
</kw>
<kw name="Sleep" library="BuiltIn">
<arg>5</arg>
<doc>Pauses the test executed for the given time.</doc>
<status status="NOT RUN" starttime="20230604 03:36:54.974" endtime="20230604 03:36:54.974"/>
</kw>
<tag>macos-latest</tag>
<tag>ubuntu-latest</tag>
<tag>windows-latest</tag>
<status status="FAIL" starttime="20230604 03:36:54.958" endtime="20230604 03:36:54.974">No keyword with name 'Wait For' found.</status>
</test>
<test id="s1-s2-t4" name="Select About Tab" line="54">
<kw name="Click Tab">
<arg>About</arg>
<kw name="Convert To Lower Case" library="String">
<var>${tabnamel}</var>
<arg>${tabname}</arg>
<doc>Converts string to lower case.</doc>
<msg timestamp="20230604 03:36:54.975" level="INFO">${tabnamel} = about</msg>
<status status="PASS" starttime="20230604 03:36:54.975" endtime="20230604 03:36:54.975"/>
</kw>
<kw name="Set Variable" library="BuiltIn">
<var>${img}</var>
<arg>manager_${platform}_tab_${tabnamel}.png</arg>
<doc>Returns the given values which can then be assigned to a variables.</doc>
<msg timestamp="20230604 03:36:54.976" level="INFO">${img} = manager_macos_tab_about.png</msg>
<status status="PASS" starttime="20230604 03:36:54.975" endtime="20230604 03:36:54.976"/>
</kw>
<kw name="Log" library="BuiltIn">
<arg>/Users/runner/work/rfswarm/rfswarm/Tests/Regression/Manager</arg>
<doc>Logs the given message with the given level.</doc>
<msg timestamp="20230604 03:36:54.976" level="INFO">/Users/runner/work/rfswarm/rfswarm/Tests/Regression/Manager</msg>
<status status="PASS" starttime="20230604 03:36:54.976" endtime="20230604 03:36:54.976"/>
</kw>
<kw name="Log" library="BuiltIn">
<arg>${IMAGE_DIR}</arg>
<doc>Logs the given message with the given level.</doc>
<msg timestamp="20230604 03:36:54.976" level="INFO">/Users/runner/work/rfswarm/rfswarm/Tests/Regression/Manager/Images/file_method</msg>
<status status="PASS" starttime="20230604 03:36:54.976" endtime="20230604 03:36:54.976"/>
</kw>
<kw name="Wait For">
<arg>${img}</arg>
<arg>timeout=300</arg>
<msg timestamp="20230604 03:36:54.980" level="FAIL">No keyword with name 'Wait For' found.</msg>
<status status="FAIL" starttime="20230604 03:36:54.980" endtime="20230604 03:36:54.980"/>
</kw>
<kw name="Locate">
<var>@{coordinates}</var>
<arg>${img}</arg>
<status status="NOT RUN" starttime="20230604 03:36:54.983" endtime="20230604 03:36:54.983"/>
</kw>
<kw name="Click Image">
<arg>${img}</arg>
<status status="NOT RUN" starttime="20230604 03:36:54.986" endtime="20230604 03:36:54.986"/>
</kw>
<kw name="Sleep" library="BuiltIn">
<arg>0.1</arg>
<doc>Pauses the test executed for the given time.</doc>
<status status="NOT RUN" starttime="20230604 03:36:54.986" endtime="20230604 03:36:54.986"/>
</kw>
<kw name="Take A Screenshot">
<status status="NOT RUN" starttime="20230604 03:36:54.990" endtime="20230604 03:36:54.990"/>
</kw>
<status status="FAIL" starttime="20230604 03:36:54.975" endtime="20230604 03:36:54.990"/>
</kw>
<kw name="Sleep" library="BuiltIn">
<arg>5</arg>
<doc>Pauses the test executed for the given time.</doc>
<status status="NOT RUN" starttime="20230604 03:36:54.990" endtime="20230604 03:36:54.990"/>
</kw>
<tag>macos-latest</tag>
<tag>ubuntu-latest</tag>
<tag>windows-latest</tag>
<status status="FAIL" starttime="20230604 03:36:54.974" endtime="20230604 03:36:54.990">No keyword with name 'Wait For' found.</status>
</test>
<test id="s1-s2-t5" name="Select Plan Tab" line="59">
<kw name="Click Tab">
<arg>Plan</arg>
<kw name="Convert To Lower Case" library="String">
<var>${tabnamel}</var>
<arg>${tabname}</arg>
<doc>Converts string to lower case.</doc>
<msg timestamp="20230604 03:36:54.992" level="INFO">${tabnamel} = plan</msg>
<status status="PASS" starttime="20230604 03:36:54.992" endtime="20230604 03:36:54.992"/>
</kw>
<kw name="Set Variable" library="BuiltIn">
<var>${img}</var>
<arg>manager_${platform}_tab_${tabnamel}.png</arg>
<doc>Returns the given values which can then be assigned to a variables.</doc>
<msg timestamp="20230604 03:36:54.992" level="INFO">${img} = manager_macos_tab_plan.png</msg>
<status status="PASS" starttime="20230604 03:36:54.992" endtime="20230604 03:36:54.992"/>
</kw>
<kw name="Log" library="BuiltIn">
<arg>/Users/runner/work/rfswarm/rfswarm/Tests/Regression/Manager</arg>
<doc>Logs the given message with the given level.</doc>
<msg timestamp="20230604 03:36:54.993" level="INFO">/Users/runner/work/rfswarm/rfswarm/Tests/Regression/Manager</msg>
<status status="PASS" starttime="20230604 03:36:54.992" endtime="20230604 03:36:54.993"/>
</kw>
<kw name="Log" library="BuiltIn">
<arg>${IMAGE_DIR}</arg>
<doc>Logs the given message with the given level.</doc>
<msg timestamp="20230604 03:36:54.993" level="INFO">/Users/runner/work/rfswarm/rfswarm/Tests/Regression/Manager/Images/file_method</msg>
<status status="PASS" starttime="20230604 03:36:54.993" endtime="20230604 03:36:54.993"/>
</kw>
<kw name="Wait For">
<arg>${img}</arg>
<arg>timeout=300</arg>
<msg timestamp="20230604 03:36:54.996" level="FAIL">No keyword with name 'Wait For' found.</msg>
<status status="FAIL" starttime="20230604 03:36:54.996" endtime="20230604 03:36:54.996"/>
</kw>
<kw name="Locate">
<var>@{coordinates}</var>
<arg>${img}</arg>
<status status="NOT RUN" starttime="20230604 03:36:54.999" endtime="20230604 03:36:54.999"/>
</kw>
<kw name="Click Image">
<arg>${img}</arg>
<status status="NOT RUN" starttime="20230604 03:36:55.003" endtime="20230604 03:36:55.003"/>
</kw>
<kw name="Sleep" library="BuiltIn">
<arg>0.1</arg>
<doc>Pauses the test executed for the given time.</doc>
<status status="NOT RUN" starttime="20230604 03:36:55.003" endtime="20230604 03:36:55.003"/>
</kw>
<kw name="Take A Screenshot">
<status status="NOT RUN" starttime="20230604 03:36:55.006" endtime="20230604 03:36:55.006"/>
</kw>
<status status="FAIL" starttime="20230604 03:36:54.991" endtime="20230604 03:36:55.007"/>
</kw>
<kw name="Sleep" library="BuiltIn">
<arg>5</arg>
<doc>Pauses the test executed for the given time.</doc>
<status status="NOT RUN" starttime="20230604 03:36:55.007" endtime="20230604 03:36:55.007"/>
</kw>
<tag>macos-latest</tag>
<tag>ubuntu-latest</tag>
<tag>windows-latest</tag>
<status status="FAIL" starttime="20230604 03:36:54.991" endtime="20230604 03:36:55.007">No keyword with name 'Wait For' found.</status>
</test>
<test id="s1-s2-t6" name="Close GUI" line="78">
<kw name="Click Image">
<arg>manager_${platform}_button_closewindow.png</arg>
<msg timestamp="20230604 03:36:55.011" level="FAIL">No keyword with name 'Click Image' found.</msg>
<status status="FAIL" starttime="20230604 03:36:55.011" endtime="20230604 03:36:55.011"/>
</kw>
<kw name="Take A Screenshot">
<status status="NOT RUN" starttime="20230604 03:36:55.014" endtime="20230604 03:36:55.014"/>
</kw>
<kw name="Wait For Process" library="Process">
<var>${result}</var>
<arg>${process}</arg>
<arg>timeout=60</arg>
<doc>Waits for the process to complete or to reach the given timeout.</doc>
<status status="NOT RUN" starttime="20230604 03:36:55.015" endtime="20230604 03:36:55.015"/>
</kw>
<kw name="Is Process Running" library="Process">
<var>${running}</var>
<arg>${process}</arg>
<doc>Checks is the process running or not.</doc>
<status status="NOT RUN" starttime="20230604 03:36:55.015" endtime="20230604 03:36:55.015"/>
</kw>
<if>
<branch type="IF" condition="not ${running}">
<kw name="Should Be Equal As Integers" library="BuiltIn">
<arg>${result.rc}</arg>
<arg>0</arg>
<doc>Fails if objects are unequal after converting them to integers.</doc>
<status status="NOT RUN" starttime="20230604 03:36:55.015" endtime="20230604 03:36:55.015"/>
</kw>
<status status="NOT RUN" starttime="20230604 03:36:55.015" endtime="20230604 03:36:55.015"/>
</branch>
<branch type="ELSE">
<kw name="Take A Screenshot">
<status status="NOT RUN" starttime="20230604 03:36:55.019" endtime="20230604 03:36:55.019"/>
</kw>
<kw name="Terminate Process" library="Process">
<var>${result}</var>
<arg>${process}</arg>
<doc>Stops the process gracefully or forcefully.</doc>
<status status="NOT RUN" starttime="20230604 03:36:55.019" endtime="20230604 03:36:55.019"/>
</kw>
<kw name="Fail" library="BuiltIn">
<doc>Fails the test with the given message and optionally alters its tags.</doc>
<status status="NOT RUN" starttime="20230604 03:36:55.019" endtime="20230604 03:36:55.019"/>
</kw>
<status status="NOT RUN" starttime="20230604 03:36:55.015" endtime="20230604 03:36:55.019"/>
</branch>
<status status="NOT RUN" starttime="20230604 03:36:55.015" endtime="20230604 03:36:55.019"/>
</if>
<tag>macos-latest</tag>
<status status="FAIL" starttime="20230604 03:36:55.007" endtime="20230604 03:36:55.020">No keyword with name 'Click Image' found.</status>
</test>
<status status="FAIL" starttime="20230604 03:36:54.912" endtime="20230604 03:36:55.020"/>
</suite>
<status status="FAIL" starttime="20230604 03:36:31.203" endtime="20230604 03:36:55.021"/>
</suite>
<statistics>
<total>
<stat pass="3" fail="6" skip="0">All Tests</stat>
</total>
<tag>
<stat pass="3" fail="6" skip="0">macos-latest</stat>
<stat pass="3" fail="4" skip="0">ubuntu-latest</stat>
<stat pass="3" fail="4" skip="0">windows-latest</stat>
</tag>
<suite>
<stat pass="3" fail="6" skip="0" id="s1" name="Manager">Manager</stat>
<stat pass="3" fail="0" skip="0" id="s1-s1" name="CommandLine">Manager.CommandLine</stat>
<stat pass="0" fail="6" skip="0" id="s1-s2" name="GUI Basic">Manager.GUI Basic</stat>
</suite>
</statistics>
<errors>
<msg timestamp="20230604 03:36:54.927" level="ERROR">Error in file '/Users/runner/work/rfswarm/rfswarm/Tests/Regression/Manager/GUI_Basic.robot' on line 6: Importing library 'ImageHorizonLibrary' failed: ImageHorizonLibraryError: There is something wrong pyautogui or it is not installed.
Traceback (most recent call last):
  File "/Users/runner/hostedtoolcache/Python/3.7.16/x64/lib/python3.7/site-packages/ImageHorizonLibrary/__init__.py", line 10, in &lt;module&gt;
    raise ImageHorizonLibraryError('There is something wrong pyautogui or '
PYTHONPATH:
  /Users/runner/hostedtoolcache/Python/3.7.16/x64/bin
  /Users/runner/hostedtoolcache/Python/3.7.16/x64/lib/python37.zip
  /Users/runner/hostedtoolcache/Python/3.7.16/x64/lib/python3.7
  /Users/runner/hostedtoolcache/Python/3.7.16/x64/lib/python3.7/lib-dynload
  /Users/runner/hostedtoolcache/Python/3.7.16/x64/lib/python3.7/site-packages</msg>
</errors>
</robot>
