<?xml version="1.0" encoding="UTF-8"?>
<robot generator="Robot 6.0.2 (Python 3.10.11 on linux)" generated="20230425 00:55:36.338" rpa="false" schemaversion="3">
<suite id="s1" name="Reporter" source="/home/runner/work/rfswarm/rfswarm/Tests/Regression/Reporter">
<suite id="s1-s1" name="CommandLine" source="/home/runner/work/rfswarm/rfswarm/Tests/Regression/Reporter/CommandLine.robot">
<kw name="Clean Up Old Files" type="SETUP">
<tag>macos-latest</tag>
<tag>ubuntu-latest</tag>
<tag>windows-latest</tag>
<kw name="Log To Console" library="BuiltIn">
<arg>${OUTPUT DIR}</arg>
<doc>Logs the given message to the console.</doc>
<status status="PASS" starttime="20230425 00:55:36.366" endtime="20230425 00:55:36.366"/>
</kw>
<kw name="Remove File" library="OperatingSystem">
<arg>${OUTPUT DIR}${/}*.txt</arg>
<doc>Removes a file with the given path.</doc>
<msg timestamp="20230425 00:55:36.367" level="INFO" html="true">Removed file '&lt;a href="file:///home/runner/work/rfswarm/rfswarm/Tests/Regression/Reporter/Logs/ubuntu-latest_3.10/stderr.txt"&gt;/home/runner/work/rfswarm/rfswarm/Tests/Regression/Reporter/Logs/ubuntu-latest_3.10/stderr.txt&lt;/a&gt;'.</msg>
<msg timestamp="20230425 00:55:36.367" level="INFO" html="true">Removed file '&lt;a href="file:///home/runner/work/rfswarm/rfswarm/Tests/Regression/Reporter/Logs/ubuntu-latest_3.10/stdout.txt"&gt;/home/runner/work/rfswarm/rfswarm/Tests/Regression/Reporter/Logs/ubuntu-latest_3.10/stdout.txt&lt;/a&gt;'.</msg>
<status status="PASS" starttime="20230425 00:55:36.366" endtime="20230425 00:55:36.367"/>
</kw>
<kw name="Remove File" library="OperatingSystem">
<arg>${OUTPUT DIR}${/}*.png</arg>
<doc>Removes a file with the given path.</doc>
<msg timestamp="20230425 00:55:36.368" level="INFO" html="true">Removed file '&lt;a href="file:///home/runner/work/rfswarm/rfswarm/Tests/Regression/Reporter/Logs/ubuntu-latest_3.10/Reporter.GUIBasic-screenshot-1.png"&gt;/home/runner/work/rfswarm/rfswarm/Tests/Regression/Reporter/Logs/ubuntu-latest_3.10/Reporter.GUIBasic-screenshot-1.png&lt;/a&gt;'.</msg>
<status status="PASS" starttime="20230425 00:55:36.367" endtime="20230425 00:55:36.368"/>
</kw>
<status status="PASS" starttime="20230425 00:55:36.366" endtime="20230425 00:55:36.368"/>
</kw>
<test id="s1-s1-t1" name="Reporter Version" line="12">
<kw name="Run" library="OperatingSystem">
<var>${result}</var>
<arg>python3 ${EXECDIR}${/}rfswarm_reporter${/}rfswarm_reporter.py -v</arg>
<doc>Runs the given command in the system and returns the output.</doc>
<msg timestamp="20230425 00:55:36.370" level="INFO">Running command 'python3 /home/runner/work/rfswarm/rfswarm/rfswarm_reporter/rfswarm_reporter.py -v 2&gt;&amp;1'.</msg>
<msg timestamp="20230425 00:55:37.725" level="INFO">${result} = Robot Framework Swarm: Reporter 
	Version 1.1.0 </msg>
<status status="PASS" starttime="20230425 00:55:36.368" endtime="20230425 00:55:37.725"/>
</kw>
<kw name="Log To Console" library="BuiltIn">
<arg>${\n}${result}</arg>
<doc>Logs the given message to the console.</doc>
<status status="PASS" starttime="20230425 00:55:37.725" endtime="20230425 00:55:37.725"/>
</kw>
<kw name="Should Contain" library="BuiltIn">
<arg>${result}</arg>
<arg>Version</arg>
<doc>Fails if ``container`` does not contain ``item`` one or more times.</doc>
<status status="PASS" starttime="20230425 00:55:37.726" endtime="20230425 00:55:37.726"/>
</kw>
<kw name="Should Contain" library="BuiltIn">
<arg>${result}</arg>
<arg>Reporter</arg>
<doc>Fails if ``container`` does not contain ``item`` one or more times.</doc>
<status status="PASS" starttime="20230425 00:55:37.726" endtime="20230425 00:55:37.726"/>
</kw>
<tag>macos-latest</tag>
<tag>ubuntu-latest</tag>
<tag>windows-latest</tag>
<status status="PASS" starttime="20230425 00:55:36.368" endtime="20230425 00:55:37.726"/>
</test>
<test id="s1-s1-t2" name="Reporter Help" line="19">
<kw name="Run" library="OperatingSystem">
<var>${result}</var>
<arg>python3 ${EXECDIR}${/}rfswarm_reporter${/}rfswarm_reporter.py -h</arg>
<doc>Runs the given command in the system and returns the output.</doc>
<msg timestamp="20230425 00:55:37.729" level="INFO">Running command 'python3 /home/runner/work/rfswarm/rfswarm/rfswarm_reporter/rfswarm_reporter.py -h 2&gt;&amp;1'.</msg>
<msg timestamp="20230425 00:55:38.485" level="INFO">${result} = Robot Framework Swarm: Reporter 
	Version 1.1.0 
usage: rfswarm_reporter.py [-h] [-g DEBUG] [-v] [-i INI] [-n] [-d DIR]
                           [-t TEMPLATE] [--html] [--docx] [--xlsx]

options:
  ...</msg>
<status status="PASS" starttime="20230425 00:55:37.727" endtime="20230425 00:55:38.485"/>
</kw>
<kw name="Log To Console" library="BuiltIn">
<arg>${\n}${result}</arg>
<doc>Logs the given message to the console.</doc>
<status status="PASS" starttime="20230425 00:55:38.485" endtime="20230425 00:55:38.485"/>
</kw>
<kw name="Should Contain" library="BuiltIn">
<arg>${result}</arg>
<arg>Excel</arg>
<doc>Fails if ``container`` does not contain ``item`` one or more times.</doc>
<status status="PASS" starttime="20230425 00:55:38.485" endtime="20230425 00:55:38.486"/>
</kw>
<tag>macos-latest</tag>
<tag>ubuntu-latest</tag>
<tag>windows-latest</tag>
<status status="PASS" starttime="20230425 00:55:37.726" endtime="20230425 00:55:38.486"/>
</test>
<test id="s1-s1-t3" name="Command Line Generate HTML" line="25">
<kw name="Set Variable" library="BuiltIn">
<var>${testdata}</var>
<arg>Issue-#144</arg>
<doc>Returns the given values which can then be assigned to a variables.</doc>
<msg timestamp="20230425 00:55:38.486" level="INFO">${testdata} = Issue-#144</msg>
<status status="PASS" starttime="20230425 00:55:38.486" endtime="20230425 00:55:38.487"/>
</kw>
<kw name="Set Variable" library="BuiltIn">
<var>${resultdata}</var>
<arg>20230320_185055_demo</arg>
<doc>Returns the given values which can then be assigned to a variables.</doc>
<msg timestamp="20230425 00:55:38.488" level="INFO">${resultdata} = 20230320_185055_demo</msg>
<status status="PASS" starttime="20230425 00:55:38.487" endtime="20230425 00:55:38.488"/>
</kw>
<kw name="Set Variable" library="BuiltIn">
<var>${basefolder}</var>
<arg>/home/runner/work/rfswarm/rfswarm/Tests/Regression/Reporter${/}testdata${/}${testdata}</arg>
<doc>Returns the given values which can then be assigned to a variables.</doc>
<msg timestamp="20230425 00:55:38.488" level="INFO">${basefolder} = /home/runner/work/rfswarm/rfswarm/Tests/Regression/Reporter/testdata/Issue-#144</msg>
<status status="PASS" starttime="20230425 00:55:38.488" endtime="20230425 00:55:38.488"/>
</kw>
<kw name="Should Exist" library="OperatingSystem">
<arg>${basefolder}</arg>
<doc>Fails unless the given path (file or directory) exists.</doc>
<msg timestamp="20230425 00:55:38.489" level="INFO" html="true">Path '&lt;a href="file:///home/runner/work/rfswarm/rfswarm/Tests/Regression/Reporter/testdata/Issue-#144"&gt;/home/runner/work/rfswarm/rfswarm/Tests/Regression/Reporter/testdata/Issue-#144&lt;/a&gt;' exists.</msg>
<status status="PASS" starttime="20230425 00:55:38.488" endtime="20230425 00:55:38.489"/>
</kw>
<kw name="Set Variable" library="BuiltIn">
<var>${resultfolder}</var>
<arg>${basefolder}${/}${resultdata}</arg>
<doc>Returns the given values which can then be assigned to a variables.</doc>
<msg timestamp="20230425 00:55:38.489" level="INFO">${resultfolder} = /home/runner/work/rfswarm/rfswarm/Tests/Regression/Reporter/testdata/Issue-#144/20230320_185055_demo</msg>
<status status="PASS" starttime="20230425 00:55:38.489" endtime="20230425 00:55:38.489"/>
</kw>
<kw name="Should Exist" library="OperatingSystem">
<arg>${resultfolder}</arg>
<doc>Fails unless the given path (file or directory) exists.</doc>
<msg timestamp="20230425 00:55:38.489" level="INFO" html="true">Path '&lt;a href="file:///home/runner/work/rfswarm/rfswarm/Tests/Regression/Reporter/testdata/Issue-#144/20230320_185055_demo"&gt;/home/runner/work/rfswarm/rfswarm/Tests/Regression/Reporter/testdata/Issue-#144/20230320_185055_demo&lt;/a&gt;' exists.</msg>
<status status="PASS" starttime="20230425 00:55:38.489" endtime="20230425 00:55:38.489"/>
</kw>
<kw name="Set Variable" library="BuiltIn">
<var>${template}</var>
<arg>${basefolder}${/}90%ileTemplate.template</arg>
<doc>Returns the given values which can then be assigned to a variables.</doc>
<msg timestamp="20230425 00:55:38.490" level="INFO">${template} = /home/runner/work/rfswarm/rfswarm/Tests/Regression/Reporter/testdata/Issue-#144/90%ileTemplate.template</msg>
<status status="PASS" starttime="20230425 00:55:38.489" endtime="20230425 00:55:38.490"/>
</kw>
<kw name="Should Exist" library="OperatingSystem">
<arg>${template}</arg>
<doc>Fails unless the given path (file or directory) exists.</doc>
<msg timestamp="20230425 00:55:38.490" level="INFO" html="true">Path '&lt;a href="file:///home/runner/work/rfswarm/rfswarm/Tests/Regression/Reporter/testdata/Issue-#144/90%ileTemplate.template"&gt;/home/runner/work/rfswarm/rfswarm/Tests/Regression/Reporter/testdata/Issue-#144/90%ileTemplate.template&lt;/a&gt;' exists.</msg>
<status status="PASS" starttime="20230425 00:55:38.490" endtime="20230425 00:55:38.490"/>
</kw>
<kw name="Run" library="OperatingSystem">
<var>${result}</var>
<arg>python3 ${EXECDIR}${/}rfswarm_reporter${/}rfswarm_reporter.py -n -d ${resultfolder} -t ${template} --html</arg>
<doc>Runs the given command in the system and returns the output.</doc>
<msg timestamp="20230425 00:55:38.491" level="INFO">Running command 'python3 /home/runner/work/rfswarm/rfswarm/rfswarm_reporter/rfswarm_reporter.py -n -d /home/runner/work/rfswarm/rfswarm/Tests/Regression/Reporter/testdata/Issue-#144/20230320_185055_demo -t /home/runner/work/rfswarm/rfswarm/Tests/Regression/Reporter/testdata/Issue-#144/90%ileTemplate.template --html 2&gt;&amp;1'.</msg>
<msg timestamp="20230425 00:55:39.287" level="INFO">${result} = Robot Framework Swarm: Reporter 
	Version 1.1.0 
	Configuration File:  /home/runner/work/rfswarm/rfswarm/rfswarm_reporter/RFSwarmReporter.ini 
Traceback (most recent call last):
  File "/home/runner/w...</msg>
<status status="PASS" starttime="20230425 00:55:38.490" endtime="20230425 00:55:39.288"/>
</kw>
<kw name="Log To Console" library="BuiltIn">
<arg>${\n}${result}</arg>
<doc>Logs the given message to the console.</doc>
<status status="PASS" starttime="20230425 00:55:39.288" endtime="20230425 00:55:39.288"/>
</kw>
<kw name="Should Not Contain" library="BuiltIn">
<arg>${result}</arg>
<arg>Traceback</arg>
<doc>Fails if ``container`` contains ``item`` one or more times.</doc>
<msg timestamp="20230425 00:55:39.289" level="FAIL">'Robot Framework Swarm: Reporter 
	Version 1.1.0 
	Configuration File:  /home/runner/work/rfswarm/rfswarm/rfswarm_reporter/RFSwarmReporter.ini 
Traceback (most recent call last):
  File "/home/runner/work/rfswarm/rfswarm/rfswarm_reporter/rfswarm_reporter.py", line 7721, in &lt;module&gt;
    core = ReporterCore()
  File "/home/runner/work/rfswarm/rfswarm/rfswarm_reporter/rfswarm_reporter.py", line 2384, in __init__
    base.config['Reporter']['Template'] = base.args.template
  File "/opt/hostedtoolcache/Python/3.10.11/x64/lib/python3.10/configparser.py", line 1264, in __setitem__
    return self._parser.set(self._name, key, value)
  File "/opt/hostedtoolcache/Python/3.10.11/x64/lib/python3.10/configparser.py", line 1206, in set
    super().set(section, option, value)
  File "/opt/hostedtoolcache/Python/3.10.11/x64/lib/python3.10/configparser.py", line 896, in set
    value = self._interpolation.before_set(self, section, option,
  File "/opt/hostedtoolcache/Python/3.10.11/x64/lib/python3.10/configparser.py", line 403, in before_set
    raise ValueError("invalid interpolation syntax in %r at "
ValueError: invalid interpolation syntax in '/home/runner/work/rfswarm/rfswarm/Tests/Regression/Reporter/testdata/Issue-#144/90%ileTemplate.template' at position 82' contains 'Traceback'</msg>
<status status="FAIL" starttime="20230425 00:55:39.288" endtime="20230425 00:55:39.289"/>
</kw>
<kw name="Should Contain" library="BuiltIn">
<arg>${result}</arg>
<arg>html</arg>
<doc>Fails if ``container`` does not contain ``item`` one or more times.</doc>
<status status="NOT RUN" starttime="20230425 00:55:39.289" endtime="20230425 00:55:39.289"/>
</kw>
<kw name="Should Exist" library="OperatingSystem">
<arg>${resultfolder}${/}${resultdata}.html</arg>
<doc>Fails unless the given path (file or directory) exists.</doc>
<status status="NOT RUN" starttime="20230425 00:55:39.289" endtime="20230425 00:55:39.289"/>
</kw>
<tag>HTML</tag>
<tag>Issue #144</tag>
<tag>macos-latest</tag>
<tag>ubuntu-latest</tag>
<tag>windows-latest</tag>
<status status="FAIL" starttime="20230425 00:55:38.486" endtime="20230425 00:55:39.289">'Robot Framework Swarm: Reporter 
	Version 1.1.0 
	Configuration File:  /home/runner/work/rfswarm/rfswarm/rfswarm_reporter/RFSwarmReporter.ini 
Traceback (most recent call last):
  File "/home/runner/work/rfswarm/rfswarm/rfswarm_reporter/rfswarm_reporter.py", line 7721, in &lt;module&gt;
    core = ReporterCore()
  File "/home/runner/work/rfswarm/rfswarm/rfswarm_reporter/rfswarm_reporter.py", line 2384, in __init__
    base.config['Reporter']['Template'] = base.args.template
  File "/opt/hostedtoolcache/Python/3.10.11/x64/lib/python3.10/configparser.py", line 1264, in __setitem__
    return self._parser.set(self._name, key, value)
  File "/opt/hostedtoolcache/Python/3.10.11/x64/lib/python3.10/configparser.py", line 1206, in set
    super().set(section, option, value)
  File "/opt/hostedtoolcache/Python/3.10.11/x64/lib/python3.10/configparser.py", line 896, in set
    value = self._interpolation.before_set(self, section, option,
  File "/opt/hostedtoolcache/Python/3.10.11/x64/lib/python3.10/configparser.py", line 403, in before_set
    raise ValueError("invalid interpolation syntax in %r at "
ValueError: invalid interpolation syntax in '/home/runner/work/rfswarm/rfswarm/Tests/Regression/Reporter/testdata/Issue-#144/90%ileTemplate.template' at position 82' contains 'Traceback'</status>
</test>
<test id="s1-s1-t4" name="Command Line Generate Docx" line="41">
<kw name="Set Variable" library="BuiltIn">
<var>${testdata}</var>
<arg>Issue-#144</arg>
<doc>Returns the given values which can then be assigned to a variables.</doc>
<msg timestamp="20230425 00:55:39.291" level="INFO">${testdata} = Issue-#144</msg>
<status status="PASS" starttime="20230425 00:55:39.291" endtime="20230425 00:55:39.291"/>
</kw>
<kw name="Set Variable" library="BuiltIn">
<var>${resultdata}</var>
<arg>20230320_185055_demo</arg>
<doc>Returns the given values which can then be assigned to a variables.</doc>
<msg timestamp="20230425 00:55:39.292" level="INFO">${resultdata} = 20230320_185055_demo</msg>
<status status="PASS" starttime="20230425 00:55:39.291" endtime="20230425 00:55:39.292"/>
</kw>
<kw name="Set Variable" library="BuiltIn">
<var>${basefolder}</var>
<arg>/home/runner/work/rfswarm/rfswarm/Tests/Regression/Reporter${/}testdata${/}${testdata}</arg>
<doc>Returns the given values which can then be assigned to a variables.</doc>
<msg timestamp="20230425 00:55:39.292" level="INFO">${basefolder} = /home/runner/work/rfswarm/rfswarm/Tests/Regression/Reporter/testdata/Issue-#144</msg>
<status status="PASS" starttime="20230425 00:55:39.292" endtime="20230425 00:55:39.292"/>
</kw>
<kw name="Should Exist" library="OperatingSystem">
<arg>${basefolder}</arg>
<doc>Fails unless the given path (file or directory) exists.</doc>
<msg timestamp="20230425 00:55:39.294" level="INFO" html="true">Path '&lt;a href="file:///home/runner/work/rfswarm/rfswarm/Tests/Regression/Reporter/testdata/Issue-#144"&gt;/home/runner/work/rfswarm/rfswarm/Tests/Regression/Reporter/testdata/Issue-#144&lt;/a&gt;' exists.</msg>
<status status="PASS" starttime="20230425 00:55:39.292" endtime="20230425 00:55:39.294"/>
</kw>
<kw name="Set Variable" library="BuiltIn">
<var>${resultfolder}</var>
<arg>${basefolder}${/}${resultdata}</arg>
<doc>Returns the given values which can then be assigned to a variables.</doc>
<msg timestamp="20230425 00:55:39.295" level="INFO">${resultfolder} = /home/runner/work/rfswarm/rfswarm/Tests/Regression/Reporter/testdata/Issue-#144/20230320_185055_demo</msg>
<status status="PASS" starttime="20230425 00:55:39.295" endtime="20230425 00:55:39.295"/>
</kw>
<kw name="Should Exist" library="OperatingSystem">
<arg>${resultfolder}</arg>
<doc>Fails unless the given path (file or directory) exists.</doc>
<msg timestamp="20230425 00:55:39.296" level="INFO" html="true">Path '&lt;a href="file:///home/runner/work/rfswarm/rfswarm/Tests/Regression/Reporter/testdata/Issue-#144/20230320_185055_demo"&gt;/home/runner/work/rfswarm/rfswarm/Tests/Regression/Reporter/testdata/Issue-#144/20230320_185055_demo&lt;/a&gt;' exists.</msg>
<status status="PASS" starttime="20230425 00:55:39.295" endtime="20230425 00:55:39.296"/>
</kw>
<kw name="Set Variable" library="BuiltIn">
<var>${template}</var>
<arg>${basefolder}${/}90%ileTemplate.template</arg>
<doc>Returns the given values which can then be assigned to a variables.</doc>
<msg timestamp="20230425 00:55:39.296" level="INFO">${template} = /home/runner/work/rfswarm/rfswarm/Tests/Regression/Reporter/testdata/Issue-#144/90%ileTemplate.template</msg>
<status status="PASS" starttime="20230425 00:55:39.296" endtime="20230425 00:55:39.296"/>
</kw>
<kw name="Should Exist" library="OperatingSystem">
<arg>${template}</arg>
<doc>Fails unless the given path (file or directory) exists.</doc>
<msg timestamp="20230425 00:55:39.296" level="INFO" html="true">Path '&lt;a href="file:///home/runner/work/rfswarm/rfswarm/Tests/Regression/Reporter/testdata/Issue-#144/90%ileTemplate.template"&gt;/home/runner/work/rfswarm/rfswarm/Tests/Regression/Reporter/testdata/Issue-#144/90%ileTemplate.template&lt;/a&gt;' exists.</msg>
<status status="PASS" starttime="20230425 00:55:39.296" endtime="20230425 00:55:39.296"/>
</kw>
<kw name="Run" library="OperatingSystem">
<var>${result}</var>
<arg>python3 ${EXECDIR}${/}rfswarm_reporter${/}rfswarm_reporter.py -n -d ${resultfolder} -t ${template} --docx</arg>
<doc>Runs the given command in the system and returns the output.</doc>
<msg timestamp="20230425 00:55:39.297" level="INFO">Running command 'python3 /home/runner/work/rfswarm/rfswarm/rfswarm_reporter/rfswarm_reporter.py -n -d /home/runner/work/rfswarm/rfswarm/Tests/Regression/Reporter/testdata/Issue-#144/20230320_185055_demo -t /home/runner/work/rfswarm/rfswarm/Tests/Regression/Reporter/testdata/Issue-#144/90%ileTemplate.template --docx 2&gt;&amp;1'.</msg>
<msg timestamp="20230425 00:55:40.061" level="INFO">${result} = Robot Framework Swarm: Reporter 
	Version 1.1.0 
	Configuration File:  /home/runner/work/rfswarm/rfswarm/rfswarm_reporter/RFSwarmReporter.ini 
Traceback (most recent call last):
  File "/home/runner/w...</msg>
<status status="PASS" starttime="20230425 00:55:39.296" endtime="20230425 00:55:40.061"/>
</kw>
<kw name="Log To Console" library="BuiltIn">
<arg>${\n}${result}</arg>
<doc>Logs the given message to the console.</doc>
<status status="PASS" starttime="20230425 00:55:40.061" endtime="20230425 00:55:40.061"/>
</kw>
<kw name="Should Not Contain" library="BuiltIn">
<arg>${result}</arg>
<arg>Traceback</arg>
<doc>Fails if ``container`` contains ``item`` one or more times.</doc>
<msg timestamp="20230425 00:55:40.062" level="FAIL">'Robot Framework Swarm: Reporter 
	Version 1.1.0 
	Configuration File:  /home/runner/work/rfswarm/rfswarm/rfswarm_reporter/RFSwarmReporter.ini 
Traceback (most recent call last):
  File "/home/runner/work/rfswarm/rfswarm/rfswarm_reporter/rfswarm_reporter.py", line 7721, in &lt;module&gt;
    core = ReporterCore()
  File "/home/runner/work/rfswarm/rfswarm/rfswarm_reporter/rfswarm_reporter.py", line 2384, in __init__
    base.config['Reporter']['Template'] = base.args.template
  File "/opt/hostedtoolcache/Python/3.10.11/x64/lib/python3.10/configparser.py", line 1264, in __setitem__
    return self._parser.set(self._name, key, value)
  File "/opt/hostedtoolcache/Python/3.10.11/x64/lib/python3.10/configparser.py", line 1206, in set
    super().set(section, option, value)
  File "/opt/hostedtoolcache/Python/3.10.11/x64/lib/python3.10/configparser.py", line 896, in set
    value = self._interpolation.before_set(self, section, option,
  File "/opt/hostedtoolcache/Python/3.10.11/x64/lib/python3.10/configparser.py", line 403, in before_set
    raise ValueError("invalid interpolation syntax in %r at "
ValueError: invalid interpolation syntax in '/home/runner/work/rfswarm/rfswarm/Tests/Regression/Reporter/testdata/Issue-#144/90%ileTemplate.template' at position 82' contains 'Traceback'</msg>
<status status="FAIL" starttime="20230425 00:55:40.061" endtime="20230425 00:55:40.062"/>
</kw>
<kw name="Should Contain" library="BuiltIn">
<arg>${result}</arg>
<arg>docx</arg>
<doc>Fails if ``container`` does not contain ``item`` one or more times.</doc>
<status status="NOT RUN" starttime="20230425 00:55:40.062" endtime="20230425 00:55:40.062"/>
</kw>
<kw name="Should Exist" library="OperatingSystem">
<arg>${resultfolder}${/}${resultdata}.docx</arg>
<doc>Fails unless the given path (file or directory) exists.</doc>
<status status="NOT RUN" starttime="20230425 00:55:40.062" endtime="20230425 00:55:40.062"/>
</kw>
<tag>DOCX</tag>
<tag>Issue #144</tag>
<tag>macos-latest</tag>
<tag>ubuntu-latest</tag>
<tag>windows-latest</tag>
<status status="FAIL" starttime="20230425 00:55:39.289" endtime="20230425 00:55:40.062">'Robot Framework Swarm: Reporter 
	Version 1.1.0 
	Configuration File:  /home/runner/work/rfswarm/rfswarm/rfswarm_reporter/RFSwarmReporter.ini 
Traceback (most recent call last):
  File "/home/runner/work/rfswarm/rfswarm/rfswarm_reporter/rfswarm_reporter.py", line 7721, in &lt;module&gt;
    core = ReporterCore()
  File "/home/runner/work/rfswarm/rfswarm/rfswarm_reporter/rfswarm_reporter.py", line 2384, in __init__
    base.config['Reporter']['Template'] = base.args.template
  File "/opt/hostedtoolcache/Python/3.10.11/x64/lib/python3.10/configparser.py", line 1264, in __setitem__
    return self._parser.set(self._name, key, value)
  File "/opt/hostedtoolcache/Python/3.10.11/x64/lib/python3.10/configparser.py", line 1206, in set
    super().set(section, option, value)
  File "/opt/hostedtoolcache/Python/3.10.11/x64/lib/python3.10/configparser.py", line 896, in set
    value = self._interpolation.before_set(self, section, option,
  File "/opt/hostedtoolcache/Python/3.10.11/x64/lib/python3.10/configparser.py", line 403, in before_set
    raise ValueError("invalid interpolation syntax in %r at "
ValueError: invalid interpolation syntax in '/home/runner/work/rfswarm/rfswarm/Tests/Regression/Reporter/testdata/Issue-#144/90%ileTemplate.template' at position 82' contains 'Traceback'</status>
</test>
<test id="s1-s1-t5" name="Command Line Generate Xlsx" line="57">
<kw name="Set Variable" library="BuiltIn">
<var>${testdata}</var>
<arg>Issue-#144</arg>
<doc>Returns the given values which can then be assigned to a variables.</doc>
<msg timestamp="20230425 00:55:40.063" level="INFO">${testdata} = Issue-#144</msg>
<status status="PASS" starttime="20230425 00:55:40.063" endtime="20230425 00:55:40.063"/>
</kw>
<kw name="Set Variable" library="BuiltIn">
<var>${resultdata}</var>
<arg>20230320_185055_demo</arg>
<doc>Returns the given values which can then be assigned to a variables.</doc>
<msg timestamp="20230425 00:55:40.063" level="INFO">${resultdata} = 20230320_185055_demo</msg>
<status status="PASS" starttime="20230425 00:55:40.063" endtime="20230425 00:55:40.063"/>
</kw>
<kw name="Set Variable" library="BuiltIn">
<var>${basefolder}</var>
<arg>/home/runner/work/rfswarm/rfswarm/Tests/Regression/Reporter${/}testdata${/}${testdata}</arg>
<doc>Returns the given values which can then be assigned to a variables.</doc>
<msg timestamp="20230425 00:55:40.064" level="INFO">${basefolder} = /home/runner/work/rfswarm/rfswarm/Tests/Regression/Reporter/testdata/Issue-#144</msg>
<status status="PASS" starttime="20230425 00:55:40.063" endtime="20230425 00:55:40.064"/>
</kw>
<kw name="Should Exist" library="OperatingSystem">
<arg>${basefolder}</arg>
<doc>Fails unless the given path (file or directory) exists.</doc>
<msg timestamp="20230425 00:55:40.064" level="INFO" html="true">Path '&lt;a href="file:///home/runner/work/rfswarm/rfswarm/Tests/Regression/Reporter/testdata/Issue-#144"&gt;/home/runner/work/rfswarm/rfswarm/Tests/Regression/Reporter/testdata/Issue-#144&lt;/a&gt;' exists.</msg>
<status status="PASS" starttime="20230425 00:55:40.064" endtime="20230425 00:55:40.064"/>
</kw>
<kw name="Set Variable" library="BuiltIn">
<var>${resultfolder}</var>
<arg>${basefolder}${/}${resultdata}</arg>
<doc>Returns the given values which can then be assigned to a variables.</doc>
<msg timestamp="20230425 00:55:40.064" level="INFO">${resultfolder} = /home/runner/work/rfswarm/rfswarm/Tests/Regression/Reporter/testdata/Issue-#144/20230320_185055_demo</msg>
<status status="PASS" starttime="20230425 00:55:40.064" endtime="20230425 00:55:40.064"/>
</kw>
<kw name="Should Exist" library="OperatingSystem">
<arg>${resultfolder}</arg>
<doc>Fails unless the given path (file or directory) exists.</doc>
<msg timestamp="20230425 00:55:40.065" level="INFO" html="true">Path '&lt;a href="file:///home/runner/work/rfswarm/rfswarm/Tests/Regression/Reporter/testdata/Issue-#144/20230320_185055_demo"&gt;/home/runner/work/rfswarm/rfswarm/Tests/Regression/Reporter/testdata/Issue-#144/20230320_185055_demo&lt;/a&gt;' exists.</msg>
<status status="PASS" starttime="20230425 00:55:40.065" endtime="20230425 00:55:40.065"/>
</kw>
<kw name="Set Variable" library="BuiltIn">
<var>${template}</var>
<arg>${basefolder}${/}90%ileTemplate.template</arg>
<doc>Returns the given values which can then be assigned to a variables.</doc>
<msg timestamp="20230425 00:55:40.065" level="INFO">${template} = /home/runner/work/rfswarm/rfswarm/Tests/Regression/Reporter/testdata/Issue-#144/90%ileTemplate.template</msg>
<status status="PASS" starttime="20230425 00:55:40.065" endtime="20230425 00:55:40.065"/>
</kw>
<kw name="Should Exist" library="OperatingSystem">
<arg>${template}</arg>
<doc>Fails unless the given path (file or directory) exists.</doc>
<msg timestamp="20230425 00:55:40.066" level="INFO" html="true">Path '&lt;a href="file:///home/runner/work/rfswarm/rfswarm/Tests/Regression/Reporter/testdata/Issue-#144/90%ileTemplate.template"&gt;/home/runner/work/rfswarm/rfswarm/Tests/Regression/Reporter/testdata/Issue-#144/90%ileTemplate.template&lt;/a&gt;' exists.</msg>
<status status="PASS" starttime="20230425 00:55:40.065" endtime="20230425 00:55:40.066"/>
</kw>
<kw name="Run" library="OperatingSystem">
<var>${result}</var>
<arg>python3 ${EXECDIR}${/}rfswarm_reporter${/}rfswarm_reporter.py -n -d ${resultfolder} -t ${template} --xlsx</arg>
<doc>Runs the given command in the system and returns the output.</doc>
<msg timestamp="20230425 00:55:40.067" level="INFO">Running command 'python3 /home/runner/work/rfswarm/rfswarm/rfswarm_reporter/rfswarm_reporter.py -n -d /home/runner/work/rfswarm/rfswarm/Tests/Regression/Reporter/testdata/Issue-#144/20230320_185055_demo -t /home/runner/work/rfswarm/rfswarm/Tests/Regression/Reporter/testdata/Issue-#144/90%ileTemplate.template --xlsx 2&gt;&amp;1'.</msg>
<msg timestamp="20230425 00:55:40.945" level="INFO">${result} = Robot Framework Swarm: Reporter 
	Version 1.1.0 
	Configuration File:  /home/runner/work/rfswarm/rfswarm/rfswarm_reporter/RFSwarmReporter.ini 
Traceback (most recent call last):
  File "/home/runner/w...</msg>
<status status="PASS" starttime="20230425 00:55:40.066" endtime="20230425 00:55:40.945"/>
</kw>
<kw name="Log To Console" library="BuiltIn">
<arg>${\n}${result}</arg>
<doc>Logs the given message to the console.</doc>
<status status="PASS" starttime="20230425 00:55:40.945" endtime="20230425 00:55:40.945"/>
</kw>
<kw name="Should Not Contain" library="BuiltIn">
<arg>${result}</arg>
<arg>Traceback</arg>
<doc>Fails if ``container`` contains ``item`` one or more times.</doc>
<msg timestamp="20230425 00:55:40.946" level="FAIL">'Robot Framework Swarm: Reporter 
	Version 1.1.0 
	Configuration File:  /home/runner/work/rfswarm/rfswarm/rfswarm_reporter/RFSwarmReporter.ini 
Traceback (most recent call last):
  File "/home/runner/work/rfswarm/rfswarm/rfswarm_reporter/rfswarm_reporter.py", line 7721, in &lt;module&gt;
    core = ReporterCore()
  File "/home/runner/work/rfswarm/rfswarm/rfswarm_reporter/rfswarm_reporter.py", line 2384, in __init__
    base.config['Reporter']['Template'] = base.args.template
  File "/opt/hostedtoolcache/Python/3.10.11/x64/lib/python3.10/configparser.py", line 1264, in __setitem__
    return self._parser.set(self._name, key, value)
  File "/opt/hostedtoolcache/Python/3.10.11/x64/lib/python3.10/configparser.py", line 1206, in set
    super().set(section, option, value)
  File "/opt/hostedtoolcache/Python/3.10.11/x64/lib/python3.10/configparser.py", line 896, in set
    value = self._interpolation.before_set(self, section, option,
  File "/opt/hostedtoolcache/Python/3.10.11/x64/lib/python3.10/configparser.py", line 403, in before_set
    raise ValueError("invalid interpolation syntax in %r at "
ValueError: invalid interpolation syntax in '/home/runner/work/rfswarm/rfswarm/Tests/Regression/Reporter/testdata/Issue-#144/90%ileTemplate.template' at position 82' contains 'Traceback'</msg>
<status status="FAIL" starttime="20230425 00:55:40.945" endtime="20230425 00:55:40.946"/>
</kw>
<kw name="Should Contain" library="BuiltIn">
<arg>${result}</arg>
<arg>xlsx</arg>
<doc>Fails if ``container`` does not contain ``item`` one or more times.</doc>
<status status="NOT RUN" starttime="20230425 00:55:40.946" endtime="20230425 00:55:40.946"/>
</kw>
<kw name="Should Exist" library="OperatingSystem">
<arg>${resultfolder}${/}${resultdata}.xlsx</arg>
<doc>Fails unless the given path (file or directory) exists.</doc>
<status status="NOT RUN" starttime="20230425 00:55:40.946" endtime="20230425 00:55:40.946"/>
</kw>
<tag>Issue #144</tag>
<tag>macos-latest</tag>
<tag>ubuntu-latest</tag>
<tag>windows-latest</tag>
<tag>XLSX</tag>
<status status="FAIL" starttime="20230425 00:55:40.062" endtime="20230425 00:55:40.946">'Robot Framework Swarm: Reporter 
	Version 1.1.0 
	Configuration File:  /home/runner/work/rfswarm/rfswarm/rfswarm_reporter/RFSwarmReporter.ini 
Traceback (most recent call last):
  File "/home/runner/work/rfswarm/rfswarm/rfswarm_reporter/rfswarm_reporter.py", line 7721, in &lt;module&gt;
    core = ReporterCore()
  File "/home/runner/work/rfswarm/rfswarm/rfswarm_reporter/rfswarm_reporter.py", line 2384, in __init__
    base.config['Reporter']['Template'] = base.args.template
  File "/opt/hostedtoolcache/Python/3.10.11/x64/lib/python3.10/configparser.py", line 1264, in __setitem__
    return self._parser.set(self._name, key, value)
  File "/opt/hostedtoolcache/Python/3.10.11/x64/lib/python3.10/configparser.py", line 1206, in set
    super().set(section, option, value)
  File "/opt/hostedtoolcache/Python/3.10.11/x64/lib/python3.10/configparser.py", line 896, in set
    value = self._interpolation.before_set(self, section, option,
  File "/opt/hostedtoolcache/Python/3.10.11/x64/lib/python3.10/configparser.py", line 403, in before_set
    raise ValueError("invalid interpolation syntax in %r at "
ValueError: invalid interpolation syntax in '/home/runner/work/rfswarm/rfswarm/Tests/Regression/Reporter/testdata/Issue-#144/90%ileTemplate.template' at position 82' contains 'Traceback'</status>
</test>
<status status="FAIL" starttime="20230425 00:55:36.357" endtime="20230425 00:55:40.947"/>
</suite>
<suite id="s1-s2" name="GUI Basic" source="/home/runner/work/rfswarm/rfswarm/Tests/Regression/Reporter/GUI_Basic.robot">
<test id="s1-s2-t1" name="GUI Runs and Closes" line="32">
<kw name="Set Suite Variable" library="BuiltIn">
<arg>${platform}</arg>
<arg>ubuntu</arg>
<doc>Makes a variable available everywhere within the scope of the current suite.</doc>
<msg timestamp="20230425 00:55:41.123" level="INFO">${platform} = ubuntu</msg>
<status status="PASS" starttime="20230425 00:55:41.122" endtime="20230425 00:55:41.123"/>
</kw>
<kw name="Set Confidence" library="ImageHorizonLibrary">
<arg>0.9</arg>
<doc>Sets the accuracy when finding images.</doc>
<status status="PASS" starttime="20230425 00:55:41.124" endtime="20230425 00:55:41.124"/>
</kw>
<kw name="Start Process" library="Process">
<arg>python3</arg>
<arg>${pyfile}</arg>
<arg>alias=Manager</arg>
<arg>stdout=${OUTPUT DIR}${/}stdout.txt</arg>
<arg>stderr=${OUTPUT DIR}${/}stderr.txt</arg>
<doc>Starts a new process on background.</doc>
<msg timestamp="20230425 00:55:41.124" level="INFO">Starting process:
python3 /home/runner/work/rfswarm/rfswarm/rfswarm_reporter/rfswarm_reporter.py</msg>
<status status="PASS" starttime="20230425 00:55:41.124" endtime="20230425 00:55:41.129"/>
</kw>
<kw name="Sleep" library="BuiltIn">
<arg>60</arg>
<doc>Pauses the test executed for the given time.</doc>
<msg timestamp="20230425 00:56:41.130" level="INFO">Slept 1 minute</msg>
<status status="PASS" starttime="20230425 00:55:41.129" endtime="20230425 00:56:41.130"/>
</kw>
<kw name="Set Screenshot Folder" library="ImageHorizonLibrary">
<arg>${OUTPUT DIR}</arg>
<doc>Sets the folder where screenshots are saved to.</doc>
<status status="PASS" starttime="20230425 00:56:41.130" endtime="20230425 00:56:41.131"/>
</kw>
<kw name="Take A Screenshot" library="ImageHorizonLibrary">
<doc>Takes a screenshot of the screen.</doc>
<msg timestamp="20230425 00:56:41.131" level="INFO" html="true">Screenshot taken: /home/runner/work/rfswarm/rfswarm/Tests/Regression/Reporter/Logs/ubuntu-latest_3.10/Reporter.GUIBasic-screenshot-1.png&lt;br/&gt;&lt;img src="/home/runner/work/rfswarm/rfswarm/Tests/Regression/Reporter/Logs/ubuntu-latest_3.10/Reporter.GUIBasic-screenshot-1.png" width="100%" /&gt;</msg>
<status status="PASS" starttime="20230425 00:56:41.131" endtime="20230425 00:56:41.263"/>
</kw>
<tag>ubuntu-latest</tag>
<status status="PASS" starttime="20230425 00:55:41.122" endtime="20230425 00:56:41.263"/>
</test>
<status status="PASS" starttime="20230425 00:55:40.948" endtime="20230425 00:56:41.263"/>
</suite>
<status status="FAIL" starttime="20230425 00:55:36.339" endtime="20230425 00:56:41.265"/>
</suite>
<statistics>
<total>
<stat pass="3" fail="3" skip="0">All Tests</stat>
</total>
<tag>
<stat pass="0" fail="1" skip="0">DOCX</stat>
<stat pass="0" fail="1" skip="0">HTML</stat>
<stat pass="0" fail="3" skip="0">Issue #144</stat>
<stat pass="2" fail="3" skip="0">macos-latest</stat>
<stat pass="3" fail="3" skip="0">ubuntu-latest</stat>
<stat pass="2" fail="3" skip="0">windows-latest</stat>
<stat pass="0" fail="1" skip="0">XLSX</stat>
</tag>
<suite>
<stat pass="3" fail="3" skip="0" id="s1" name="Reporter">Reporter</stat>
<stat pass="2" fail="3" skip="0" id="s1-s1" name="CommandLine">Reporter.CommandLine</stat>
<stat pass="1" fail="0" skip="0" id="s1-s2" name="GUI Basic">Reporter.GUI Basic</stat>
</suite>
</statistics>
<errors>
</errors>
</robot>
