<?xml version="1.0" encoding="UTF-8"?>
<robot generator="Robot 6.0.2 (Python 3.9.13 on win32)" generated="20230425 01:39:44.181" rpa="false" schemaversion="3">
<suite id="s1" name="Reporter" source="D:\a\rfswarm\rfswarm\Tests\Regression\Reporter">
<suite id="s1-s1" name="CommandLine" source="D:\a\rfswarm\rfswarm\Tests\Regression\Reporter\CommandLine.robot">
<kw name="Clean Up Old Files" type="SETUP">
<tag>macos-latest</tag>
<tag>ubuntu-latest</tag>
<tag>windows-latest</tag>
<kw name="Log To Console" library="BuiltIn">
<arg>${OUTPUT DIR}</arg>
<doc>Logs the given message to the console.</doc>
<status status="PASS" starttime="20230425 01:39:44.213" endtime="20230425 01:39:44.213"/>
</kw>
<kw name="Remove File" library="OperatingSystem">
<arg>${OUTPUT DIR}${/}*.txt</arg>
<doc>Removes a file with the given path.</doc>
<msg timestamp="20230425 01:39:44.213" level="INFO" html="true">Removed file '&lt;a href="file://D:\a\rfswarm\rfswarm\Tests\Regression\Reporter\Logs\windows-latest_3.9\stderr.txt"&gt;D:\a\rfswarm\rfswarm\Tests\Regression\Reporter\Logs\windows-latest_3.9\stderr.txt&lt;/a&gt;'.</msg>
<msg timestamp="20230425 01:39:44.213" level="INFO" html="true">Removed file '&lt;a href="file://D:\a\rfswarm\rfswarm\Tests\Regression\Reporter\Logs\windows-latest_3.9\stdout.txt"&gt;D:\a\rfswarm\rfswarm\Tests\Regression\Reporter\Logs\windows-latest_3.9\stdout.txt&lt;/a&gt;'.</msg>
<status status="PASS" starttime="20230425 01:39:44.213" endtime="20230425 01:39:44.213"/>
</kw>
<kw name="Remove File" library="OperatingSystem">
<arg>${OUTPUT DIR}${/}*.png</arg>
<doc>Removes a file with the given path.</doc>
<msg timestamp="20230425 01:39:44.213" level="INFO" html="true">File '&lt;a href="file://D:\a\rfswarm\rfswarm\Tests\Regression\Reporter\Logs\windows-latest_3.9\*.png"&gt;D:\a\rfswarm\rfswarm\Tests\Regression\Reporter\Logs\windows-latest_3.9\*.png&lt;/a&gt;' does not exist.</msg>
<status status="PASS" starttime="20230425 01:39:44.213" endtime="20230425 01:39:44.213"/>
</kw>
<status status="PASS" starttime="20230425 01:39:44.213" endtime="20230425 01:39:44.213"/>
</kw>
<test id="s1-s1-t1" name="Reporter Version" line="12">
<kw name="Run" library="OperatingSystem">
<var>${result}</var>
<arg>python3 ${EXECDIR}${/}rfswarm_reporter${/}rfswarm_reporter.py -v</arg>
<doc>Runs the given command in the system and returns the output.</doc>
<msg timestamp="20230425 01:39:44.213" level="INFO">Running command 'python3 D:\a\rfswarm\rfswarm\rfswarm_reporter\rfswarm_reporter.py -v 2&gt;&amp;1'.</msg>
<msg timestamp="20230425 01:40:52.084" level="INFO">${result} = Matplotlib is building the font cache; this may take a moment.
Robot Framework Swarm: Reporter 
	Version 1.1.0 </msg>
<status status="PASS" starttime="20230425 01:39:44.213" endtime="20230425 01:40:52.084"/>
</kw>
<kw name="Log To Console" library="BuiltIn">
<arg>${\n}${result}</arg>
<doc>Logs the given message to the console.</doc>
<status status="PASS" starttime="20230425 01:40:52.084" endtime="20230425 01:40:52.084"/>
</kw>
<kw name="Should Contain" library="BuiltIn">
<arg>${result}</arg>
<arg>Version</arg>
<doc>Fails if ``container`` does not contain ``item`` one or more times.</doc>
<status status="PASS" starttime="20230425 01:40:52.084" endtime="20230425 01:40:52.084"/>
</kw>
<kw name="Should Contain" library="BuiltIn">
<arg>${result}</arg>
<arg>Reporter</arg>
<doc>Fails if ``container`` does not contain ``item`` one or more times.</doc>
<status status="PASS" starttime="20230425 01:40:52.084" endtime="20230425 01:40:52.084"/>
</kw>
<tag>macos-latest</tag>
<tag>ubuntu-latest</tag>
<tag>windows-latest</tag>
<status status="PASS" starttime="20230425 01:39:44.213" endtime="20230425 01:40:52.084"/>
</test>
<test id="s1-s1-t2" name="Reporter Help" line="19">
<kw name="Run" library="OperatingSystem">
<var>${result}</var>
<arg>python3 ${EXECDIR}${/}rfswarm_reporter${/}rfswarm_reporter.py -h</arg>
<doc>Runs the given command in the system and returns the output.</doc>
<msg timestamp="20230425 01:40:52.084" level="INFO">Running command 'python3 D:\a\rfswarm\rfswarm\rfswarm_reporter\rfswarm_reporter.py -h 2&gt;&amp;1'.</msg>
<msg timestamp="20230425 01:40:53.164" level="INFO">${result} = Robot Framework Swarm: Reporter 
	Version 1.1.0 
usage: rfswarm_reporter.py [-h] [-g DEBUG] [-v] [-i INI] [-n] [-d DIR]
                           [-t TEMPLATE] [--html] [--docx] [--xlsx]

optional ar...</msg>
<status status="PASS" starttime="20230425 01:40:52.084" endtime="20230425 01:40:53.164"/>
</kw>
<kw name="Log To Console" library="BuiltIn">
<arg>${\n}${result}</arg>
<doc>Logs the given message to the console.</doc>
<status status="PASS" starttime="20230425 01:40:53.164" endtime="20230425 01:40:53.164"/>
</kw>
<kw name="Should Contain" library="BuiltIn">
<arg>${result}</arg>
<arg>Excel</arg>
<doc>Fails if ``container`` does not contain ``item`` one or more times.</doc>
<status status="PASS" starttime="20230425 01:40:53.164" endtime="20230425 01:40:53.179"/>
</kw>
<tag>macos-latest</tag>
<tag>ubuntu-latest</tag>
<tag>windows-latest</tag>
<status status="PASS" starttime="20230425 01:40:52.084" endtime="20230425 01:40:53.179"/>
</test>
<test id="s1-s1-t3" name="Command Line Generate HTML" line="25">
<kw name="Set Variable" library="BuiltIn">
<var>${testdata}</var>
<arg>Issue-#144</arg>
<doc>Returns the given values which can then be assigned to a variables.</doc>
<msg timestamp="20230425 01:40:53.179" level="INFO">${testdata} = Issue-#144</msg>
<status status="PASS" starttime="20230425 01:40:53.179" endtime="20230425 01:40:53.179"/>
</kw>
<kw name="Set Variable" library="BuiltIn">
<var>${resultdata}</var>
<arg>20230320_185055_demo</arg>
<doc>Returns the given values which can then be assigned to a variables.</doc>
<msg timestamp="20230425 01:40:53.179" level="INFO">${resultdata} = 20230320_185055_demo</msg>
<status status="PASS" starttime="20230425 01:40:53.179" endtime="20230425 01:40:53.179"/>
</kw>
<kw name="Set Variable" library="BuiltIn">
<var>${basefolder}</var>
<arg>D:\\a\\rfswarm\\rfswarm\\Tests\\Regression\\Reporter${/}testdata${/}${testdata}</arg>
<doc>Returns the given values which can then be assigned to a variables.</doc>
<msg timestamp="20230425 01:40:53.179" level="INFO">${basefolder} = D:\a\rfswarm\rfswarm\Tests\Regression\Reporter\testdata\Issue-#144</msg>
<status status="PASS" starttime="20230425 01:40:53.179" endtime="20230425 01:40:53.179"/>
</kw>
<kw name="Should Exist" library="OperatingSystem">
<arg>${basefolder}</arg>
<doc>Fails unless the given path (file or directory) exists.</doc>
<msg timestamp="20230425 01:40:53.179" level="INFO" html="true">Path '&lt;a href="file://D:\a\rfswarm\rfswarm\Tests\Regression\Reporter\testdata\Issue-#144"&gt;D:\a\rfswarm\rfswarm\Tests\Regression\Reporter\testdata\Issue-#144&lt;/a&gt;' exists.</msg>
<status status="PASS" starttime="20230425 01:40:53.179" endtime="20230425 01:40:53.179"/>
</kw>
<kw name="Set Variable" library="BuiltIn">
<var>${resultfolder}</var>
<arg>${basefolder}${/}${resultdata}</arg>
<doc>Returns the given values which can then be assigned to a variables.</doc>
<msg timestamp="20230425 01:40:53.179" level="INFO">${resultfolder} = D:\a\rfswarm\rfswarm\Tests\Regression\Reporter\testdata\Issue-#144\20230320_185055_demo</msg>
<status status="PASS" starttime="20230425 01:40:53.179" endtime="20230425 01:40:53.179"/>
</kw>
<kw name="Should Exist" library="OperatingSystem">
<arg>${resultfolder}</arg>
<doc>Fails unless the given path (file or directory) exists.</doc>
<msg timestamp="20230425 01:40:53.179" level="INFO" html="true">Path '&lt;a href="file://D:\a\rfswarm\rfswarm\Tests\Regression\Reporter\testdata\Issue-#144\20230320_185055_demo"&gt;D:\a\rfswarm\rfswarm\Tests\Regression\Reporter\testdata\Issue-#144\20230320_185055_demo&lt;/a&gt;' exists.</msg>
<status status="PASS" starttime="20230425 01:40:53.179" endtime="20230425 01:40:53.179"/>
</kw>
<kw name="Set Variable" library="BuiltIn">
<var>${template}</var>
<arg>${basefolder}${/}90%ileTemplate.template</arg>
<doc>Returns the given values which can then be assigned to a variables.</doc>
<msg timestamp="20230425 01:40:53.179" level="INFO">${template} = D:\a\rfswarm\rfswarm\Tests\Regression\Reporter\testdata\Issue-#144\90%ileTemplate.template</msg>
<status status="PASS" starttime="20230425 01:40:53.179" endtime="20230425 01:40:53.179"/>
</kw>
<kw name="Should Exist" library="OperatingSystem">
<arg>${template}</arg>
<doc>Fails unless the given path (file or directory) exists.</doc>
<msg timestamp="20230425 01:40:53.179" level="INFO" html="true">Path '&lt;a href="file://D:\a\rfswarm\rfswarm\Tests\Regression\Reporter\testdata\Issue-#144\90%ileTemplate.template"&gt;D:\a\rfswarm\rfswarm\Tests\Regression\Reporter\testdata\Issue-#144\90%ileTemplate.template&lt;/a&gt;' exists.</msg>
<status status="PASS" starttime="20230425 01:40:53.179" endtime="20230425 01:40:53.179"/>
</kw>
<kw name="Run" library="OperatingSystem">
<var>${result}</var>
<arg>python3 ${EXECDIR}${/}rfswarm_reporter${/}rfswarm_reporter.py -n -d ${resultfolder} -t ${template} --html</arg>
<doc>Runs the given command in the system and returns the output.</doc>
<msg timestamp="20230425 01:40:53.179" level="INFO">Running command 'python3 D:\a\rfswarm\rfswarm\rfswarm_reporter\rfswarm_reporter.py -n -d D:\a\rfswarm\rfswarm\Tests\Regression\Reporter\testdata\Issue-#144\20230320_185055_demo -t D:\a\rfswarm\rfswarm\Tests\Regression\Reporter\testdata\Issue-#144\90%ileTemplate.template --html 2&gt;&amp;1'.</msg>
<msg timestamp="20230425 01:40:55.165" level="INFO">${result} = Robot Framework Swarm: Reporter 
	Version 1.1.0 
	Configuration File:  D:\a\rfswarm\rfswarm\rfswarm_reporter\RFSwarmReporter.ini 
Traceback (most recent call last):
  File "D:\a\rfswarm\rfswarm\rfswar...</msg>
<status status="PASS" starttime="20230425 01:40:53.179" endtime="20230425 01:40:55.165"/>
</kw>
<kw name="Log To Console" library="BuiltIn">
<arg>${\n}${result}</arg>
<doc>Logs the given message to the console.</doc>
<status status="PASS" starttime="20230425 01:40:55.165" endtime="20230425 01:40:55.165"/>
</kw>
<kw name="Should Not Contain" library="BuiltIn">
<arg>${result}</arg>
<arg>Traceback</arg>
<doc>Fails if ``container`` contains ``item`` one or more times.</doc>
<msg timestamp="20230425 01:40:55.165" level="FAIL">'Robot Framework Swarm: Reporter 
	Version 1.1.0 
	Configuration File:  D:\a\rfswarm\rfswarm\rfswarm_reporter\RFSwarmReporter.ini 
Traceback (most recent call last):
  File "D:\a\rfswarm\rfswarm\rfswarm_reporter\rfswarm_reporter.py", line 7724, in &lt;module&gt;
    core = ReporterCore()
  File "D:\a\rfswarm\rfswarm\rfswarm_reporter\rfswarm_reporter.py", line 2387, in __init__
    base.config['Reporter']['Template'] = base.args.template
  File "C:\hostedtoolcache\windows\Python\3.9.13\x64\lib\configparser.py", line 1262, in __setitem__
    return self._parser.set(self._name, key, value)
  File "C:\hostedtoolcache\windows\Python\3.9.13\x64\lib\configparser.py", line 1204, in set
    super().set(section, option, value)
  File "C:\hostedtoolcache\windows\Python\3.9.13\x64\lib\configparser.py", line 894, in set
    value = self._interpolation.before_set(self, section, option,
  File "C:\hostedtoolcache\windows\Python\3.9.13\x64\lib\configparser.py", line 402, in before_set
    raise ValueError("invalid interpolation syntax in %r at "
ValueError: invalid interpolation syntax in 'D:\\a\\rfswarm\\rfswarm\\Tests\\Regression\\Reporter\\testdata\\Issue-#144\\90%ileTemplate.template' at position 69' contains 'Traceback'</msg>
<status status="FAIL" starttime="20230425 01:40:55.165" endtime="20230425 01:40:55.165"/>
</kw>
<kw name="Should Contain" library="BuiltIn">
<arg>${result}</arg>
<arg>html</arg>
<doc>Fails if ``container`` does not contain ``item`` one or more times.</doc>
<status status="NOT RUN" starttime="20230425 01:40:55.165" endtime="20230425 01:40:55.165"/>
</kw>
<kw name="Should Exist" library="OperatingSystem">
<arg>${resultfolder}${/}${resultdata}.html</arg>
<doc>Fails unless the given path (file or directory) exists.</doc>
<status status="NOT RUN" starttime="20230425 01:40:55.165" endtime="20230425 01:40:55.165"/>
</kw>
<tag>HTML</tag>
<tag>Issue #144</tag>
<tag>macos-latest</tag>
<tag>ubuntu-latest</tag>
<tag>windows-latest</tag>
<status status="FAIL" starttime="20230425 01:40:53.179" endtime="20230425 01:40:55.165">'Robot Framework Swarm: Reporter 
	Version 1.1.0 
	Configuration File:  D:\a\rfswarm\rfswarm\rfswarm_reporter\RFSwarmReporter.ini 
Traceback (most recent call last):
  File "D:\a\rfswarm\rfswarm\rfswarm_reporter\rfswarm_reporter.py", line 7724, in &lt;module&gt;
    core = ReporterCore()
  File "D:\a\rfswarm\rfswarm\rfswarm_reporter\rfswarm_reporter.py", line 2387, in __init__
    base.config['Reporter']['Template'] = base.args.template
  File "C:\hostedtoolcache\windows\Python\3.9.13\x64\lib\configparser.py", line 1262, in __setitem__
    return self._parser.set(self._name, key, value)
  File "C:\hostedtoolcache\windows\Python\3.9.13\x64\lib\configparser.py", line 1204, in set
    super().set(section, option, value)
  File "C:\hostedtoolcache\windows\Python\3.9.13\x64\lib\configparser.py", line 894, in set
    value = self._interpolation.before_set(self, section, option,
  File "C:\hostedtoolcache\windows\Python\3.9.13\x64\lib\configparser.py", line 402, in before_set
    raise ValueError("invalid interpolation syntax in %r at "
ValueError: invalid interpolation syntax in 'D:\\a\\rfswarm\\rfswarm\\Tests\\Regression\\Reporter\\testdata\\Issue-#144\\90%ileTemplate.template' at position 69' contains 'Traceback'</status>
</test>
<test id="s1-s1-t4" name="Command Line Generate Docx" line="41">
<kw name="Set Variable" library="BuiltIn">
<var>${testdata}</var>
<arg>Issue-#144</arg>
<doc>Returns the given values which can then be assigned to a variables.</doc>
<msg timestamp="20230425 01:40:55.165" level="INFO">${testdata} = Issue-#144</msg>
<status status="PASS" starttime="20230425 01:40:55.165" endtime="20230425 01:40:55.165"/>
</kw>
<kw name="Set Variable" library="BuiltIn">
<var>${resultdata}</var>
<arg>20230320_185055_demo</arg>
<doc>Returns the given values which can then be assigned to a variables.</doc>
<msg timestamp="20230425 01:40:55.165" level="INFO">${resultdata} = 20230320_185055_demo</msg>
<status status="PASS" starttime="20230425 01:40:55.165" endtime="20230425 01:40:55.165"/>
</kw>
<kw name="Set Variable" library="BuiltIn">
<var>${basefolder}</var>
<arg>D:\\a\\rfswarm\\rfswarm\\Tests\\Regression\\Reporter${/}testdata${/}${testdata}</arg>
<doc>Returns the given values which can then be assigned to a variables.</doc>
<msg timestamp="20230425 01:40:55.165" level="INFO">${basefolder} = D:\a\rfswarm\rfswarm\Tests\Regression\Reporter\testdata\Issue-#144</msg>
<status status="PASS" starttime="20230425 01:40:55.165" endtime="20230425 01:40:55.165"/>
</kw>
<kw name="Should Exist" library="OperatingSystem">
<arg>${basefolder}</arg>
<doc>Fails unless the given path (file or directory) exists.</doc>
<msg timestamp="20230425 01:40:55.165" level="INFO" html="true">Path '&lt;a href="file://D:\a\rfswarm\rfswarm\Tests\Regression\Reporter\testdata\Issue-#144"&gt;D:\a\rfswarm\rfswarm\Tests\Regression\Reporter\testdata\Issue-#144&lt;/a&gt;' exists.</msg>
<status status="PASS" starttime="20230425 01:40:55.165" endtime="20230425 01:40:55.165"/>
</kw>
<kw name="Set Variable" library="BuiltIn">
<var>${resultfolder}</var>
<arg>${basefolder}${/}${resultdata}</arg>
<doc>Returns the given values which can then be assigned to a variables.</doc>
<msg timestamp="20230425 01:40:55.165" level="INFO">${resultfolder} = D:\a\rfswarm\rfswarm\Tests\Regression\Reporter\testdata\Issue-#144\20230320_185055_demo</msg>
<status status="PASS" starttime="20230425 01:40:55.165" endtime="20230425 01:40:55.165"/>
</kw>
<kw name="Should Exist" library="OperatingSystem">
<arg>${resultfolder}</arg>
<doc>Fails unless the given path (file or directory) exists.</doc>
<msg timestamp="20230425 01:40:55.165" level="INFO" html="true">Path '&lt;a href="file://D:\a\rfswarm\rfswarm\Tests\Regression\Reporter\testdata\Issue-#144\20230320_185055_demo"&gt;D:\a\rfswarm\rfswarm\Tests\Regression\Reporter\testdata\Issue-#144\20230320_185055_demo&lt;/a&gt;' exists.</msg>
<status status="PASS" starttime="20230425 01:40:55.165" endtime="20230425 01:40:55.165"/>
</kw>
<kw name="Set Variable" library="BuiltIn">
<var>${template}</var>
<arg>${basefolder}${/}90%ileTemplate.template</arg>
<doc>Returns the given values which can then be assigned to a variables.</doc>
<msg timestamp="20230425 01:40:55.165" level="INFO">${template} = D:\a\rfswarm\rfswarm\Tests\Regression\Reporter\testdata\Issue-#144\90%ileTemplate.template</msg>
<status status="PASS" starttime="20230425 01:40:55.165" endtime="20230425 01:40:55.165"/>
</kw>
<kw name="Should Exist" library="OperatingSystem">
<arg>${template}</arg>
<doc>Fails unless the given path (file or directory) exists.</doc>
<msg timestamp="20230425 01:40:55.165" level="INFO" html="true">Path '&lt;a href="file://D:\a\rfswarm\rfswarm\Tests\Regression\Reporter\testdata\Issue-#144\90%ileTemplate.template"&gt;D:\a\rfswarm\rfswarm\Tests\Regression\Reporter\testdata\Issue-#144\90%ileTemplate.template&lt;/a&gt;' exists.</msg>
<status status="PASS" starttime="20230425 01:40:55.165" endtime="20230425 01:40:55.165"/>
</kw>
<kw name="Run" library="OperatingSystem">
<var>${result}</var>
<arg>python3 ${EXECDIR}${/}rfswarm_reporter${/}rfswarm_reporter.py -n -d ${resultfolder} -t ${template} --docx</arg>
<doc>Runs the given command in the system and returns the output.</doc>
<msg timestamp="20230425 01:40:55.165" level="INFO">Running command 'python3 D:\a\rfswarm\rfswarm\rfswarm_reporter\rfswarm_reporter.py -n -d D:\a\rfswarm\rfswarm\Tests\Regression\Reporter\testdata\Issue-#144\20230320_185055_demo -t D:\a\rfswarm\rfswarm\Tests\Regression\Reporter\testdata\Issue-#144\90%ileTemplate.template --docx 2&gt;&amp;1'.</msg>
<msg timestamp="20230425 01:40:56.228" level="INFO">${result} = Robot Framework Swarm: Reporter 
	Version 1.1.0 
	Configuration File:  D:\a\rfswarm\rfswarm\rfswarm_reporter\RFSwarmReporter.ini 
Traceback (most recent call last):
  File "D:\a\rfswarm\rfswarm\rfswar...</msg>
<status status="PASS" starttime="20230425 01:40:55.165" endtime="20230425 01:40:56.228"/>
</kw>
<kw name="Log To Console" library="BuiltIn">
<arg>${\n}${result}</arg>
<doc>Logs the given message to the console.</doc>
<status status="PASS" starttime="20230425 01:40:56.228" endtime="20230425 01:40:56.228"/>
</kw>
<kw name="Should Not Contain" library="BuiltIn">
<arg>${result}</arg>
<arg>Traceback</arg>
<doc>Fails if ``container`` contains ``item`` one or more times.</doc>
<msg timestamp="20230425 01:40:56.228" level="FAIL">'Robot Framework Swarm: Reporter 
	Version 1.1.0 
	Configuration File:  D:\a\rfswarm\rfswarm\rfswarm_reporter\RFSwarmReporter.ini 
Traceback (most recent call last):
  File "D:\a\rfswarm\rfswarm\rfswarm_reporter\rfswarm_reporter.py", line 7724, in &lt;module&gt;
    core = ReporterCore()
  File "D:\a\rfswarm\rfswarm\rfswarm_reporter\rfswarm_reporter.py", line 2387, in __init__
    base.config['Reporter']['Template'] = base.args.template
  File "C:\hostedtoolcache\windows\Python\3.9.13\x64\lib\configparser.py", line 1262, in __setitem__
    return self._parser.set(self._name, key, value)
  File "C:\hostedtoolcache\windows\Python\3.9.13\x64\lib\configparser.py", line 1204, in set
    super().set(section, option, value)
  File "C:\hostedtoolcache\windows\Python\3.9.13\x64\lib\configparser.py", line 894, in set
    value = self._interpolation.before_set(self, section, option,
  File "C:\hostedtoolcache\windows\Python\3.9.13\x64\lib\configparser.py", line 402, in before_set
    raise ValueError("invalid interpolation syntax in %r at "
ValueError: invalid interpolation syntax in 'D:\\a\\rfswarm\\rfswarm\\Tests\\Regression\\Reporter\\testdata\\Issue-#144\\90%ileTemplate.template' at position 69' contains 'Traceback'</msg>
<status status="FAIL" starttime="20230425 01:40:56.228" endtime="20230425 01:40:56.228"/>
</kw>
<kw name="Should Contain" library="BuiltIn">
<arg>${result}</arg>
<arg>docx</arg>
<doc>Fails if ``container`` does not contain ``item`` one or more times.</doc>
<status status="NOT RUN" starttime="20230425 01:40:56.228" endtime="20230425 01:40:56.228"/>
</kw>
<kw name="Should Exist" library="OperatingSystem">
<arg>${resultfolder}${/}${resultdata}.docx</arg>
<doc>Fails unless the given path (file or directory) exists.</doc>
<status status="NOT RUN" starttime="20230425 01:40:56.228" endtime="20230425 01:40:56.228"/>
</kw>
<tag>DOCX</tag>
<tag>Issue #144</tag>
<tag>macos-latest</tag>
<tag>ubuntu-latest</tag>
<tag>windows-latest</tag>
<status status="FAIL" starttime="20230425 01:40:55.165" endtime="20230425 01:40:56.228">'Robot Framework Swarm: Reporter 
	Version 1.1.0 
	Configuration File:  D:\a\rfswarm\rfswarm\rfswarm_reporter\RFSwarmReporter.ini 
Traceback (most recent call last):
  File "D:\a\rfswarm\rfswarm\rfswarm_reporter\rfswarm_reporter.py", line 7724, in &lt;module&gt;
    core = ReporterCore()
  File "D:\a\rfswarm\rfswarm\rfswarm_reporter\rfswarm_reporter.py", line 2387, in __init__
    base.config['Reporter']['Template'] = base.args.template
  File "C:\hostedtoolcache\windows\Python\3.9.13\x64\lib\configparser.py", line 1262, in __setitem__
    return self._parser.set(self._name, key, value)
  File "C:\hostedtoolcache\windows\Python\3.9.13\x64\lib\configparser.py", line 1204, in set
    super().set(section, option, value)
  File "C:\hostedtoolcache\windows\Python\3.9.13\x64\lib\configparser.py", line 894, in set
    value = self._interpolation.before_set(self, section, option,
  File "C:\hostedtoolcache\windows\Python\3.9.13\x64\lib\configparser.py", line 402, in before_set
    raise ValueError("invalid interpolation syntax in %r at "
ValueError: invalid interpolation syntax in 'D:\\a\\rfswarm\\rfswarm\\Tests\\Regression\\Reporter\\testdata\\Issue-#144\\90%ileTemplate.template' at position 69' contains 'Traceback'</status>
</test>
<test id="s1-s1-t5" name="Command Line Generate Xlsx" line="57">
<kw name="Set Variable" library="BuiltIn">
<var>${testdata}</var>
<arg>Issue-#144</arg>
<doc>Returns the given values which can then be assigned to a variables.</doc>
<msg timestamp="20230425 01:40:56.228" level="INFO">${testdata} = Issue-#144</msg>
<status status="PASS" starttime="20230425 01:40:56.228" endtime="20230425 01:40:56.228"/>
</kw>
<kw name="Set Variable" library="BuiltIn">
<var>${resultdata}</var>
<arg>20230320_185055_demo</arg>
<doc>Returns the given values which can then be assigned to a variables.</doc>
<msg timestamp="20230425 01:40:56.228" level="INFO">${resultdata} = 20230320_185055_demo</msg>
<status status="PASS" starttime="20230425 01:40:56.228" endtime="20230425 01:40:56.228"/>
</kw>
<kw name="Set Variable" library="BuiltIn">
<var>${basefolder}</var>
<arg>D:\\a\\rfswarm\\rfswarm\\Tests\\Regression\\Reporter${/}testdata${/}${testdata}</arg>
<doc>Returns the given values which can then be assigned to a variables.</doc>
<msg timestamp="20230425 01:40:56.228" level="INFO">${basefolder} = D:\a\rfswarm\rfswarm\Tests\Regression\Reporter\testdata\Issue-#144</msg>
<status status="PASS" starttime="20230425 01:40:56.228" endtime="20230425 01:40:56.228"/>
</kw>
<kw name="Should Exist" library="OperatingSystem">
<arg>${basefolder}</arg>
<doc>Fails unless the given path (file or directory) exists.</doc>
<msg timestamp="20230425 01:40:56.228" level="INFO" html="true">Path '&lt;a href="file://D:\a\rfswarm\rfswarm\Tests\Regression\Reporter\testdata\Issue-#144"&gt;D:\a\rfswarm\rfswarm\Tests\Regression\Reporter\testdata\Issue-#144&lt;/a&gt;' exists.</msg>
<status status="PASS" starttime="20230425 01:40:56.228" endtime="20230425 01:40:56.228"/>
</kw>
<kw name="Set Variable" library="BuiltIn">
<var>${resultfolder}</var>
<arg>${basefolder}${/}${resultdata}</arg>
<doc>Returns the given values which can then be assigned to a variables.</doc>
<msg timestamp="20230425 01:40:56.228" level="INFO">${resultfolder} = D:\a\rfswarm\rfswarm\Tests\Regression\Reporter\testdata\Issue-#144\20230320_185055_demo</msg>
<status status="PASS" starttime="20230425 01:40:56.228" endtime="20230425 01:40:56.228"/>
</kw>
<kw name="Should Exist" library="OperatingSystem">
<arg>${resultfolder}</arg>
<doc>Fails unless the given path (file or directory) exists.</doc>
<msg timestamp="20230425 01:40:56.228" level="INFO" html="true">Path '&lt;a href="file://D:\a\rfswarm\rfswarm\Tests\Regression\Reporter\testdata\Issue-#144\20230320_185055_demo"&gt;D:\a\rfswarm\rfswarm\Tests\Regression\Reporter\testdata\Issue-#144\20230320_185055_demo&lt;/a&gt;' exists.</msg>
<status status="PASS" starttime="20230425 01:40:56.228" endtime="20230425 01:40:56.228"/>
</kw>
<kw name="Set Variable" library="BuiltIn">
<var>${template}</var>
<arg>${basefolder}${/}90%ileTemplate.template</arg>
<doc>Returns the given values which can then be assigned to a variables.</doc>
<msg timestamp="20230425 01:40:56.228" level="INFO">${template} = D:\a\rfswarm\rfswarm\Tests\Regression\Reporter\testdata\Issue-#144\90%ileTemplate.template</msg>
<status status="PASS" starttime="20230425 01:40:56.228" endtime="20230425 01:40:56.228"/>
</kw>
<kw name="Should Exist" library="OperatingSystem">
<arg>${template}</arg>
<doc>Fails unless the given path (file or directory) exists.</doc>
<msg timestamp="20230425 01:40:56.228" level="INFO" html="true">Path '&lt;a href="file://D:\a\rfswarm\rfswarm\Tests\Regression\Reporter\testdata\Issue-#144\90%ileTemplate.template"&gt;D:\a\rfswarm\rfswarm\Tests\Regression\Reporter\testdata\Issue-#144\90%ileTemplate.template&lt;/a&gt;' exists.</msg>
<status status="PASS" starttime="20230425 01:40:56.228" endtime="20230425 01:40:56.228"/>
</kw>
<kw name="Run" library="OperatingSystem">
<var>${result}</var>
<arg>python3 ${EXECDIR}${/}rfswarm_reporter${/}rfswarm_reporter.py -n -d ${resultfolder} -t ${template} --xlsx</arg>
<doc>Runs the given command in the system and returns the output.</doc>
<msg timestamp="20230425 01:40:56.228" level="INFO">Running command 'python3 D:\a\rfswarm\rfswarm\rfswarm_reporter\rfswarm_reporter.py -n -d D:\a\rfswarm\rfswarm\Tests\Regression\Reporter\testdata\Issue-#144\20230320_185055_demo -t D:\a\rfswarm\rfswarm\Tests\Regression\Reporter\testdata\Issue-#144\90%ileTemplate.template --xlsx 2&gt;&amp;1'.</msg>
<msg timestamp="20230425 01:40:57.291" level="INFO">${result} = Robot Framework Swarm: Reporter 
	Version 1.1.0 
	Configuration File:  D:\a\rfswarm\rfswarm\rfswarm_reporter\RFSwarmReporter.ini 
Traceback (most recent call last):
  File "D:\a\rfswarm\rfswarm\rfswar...</msg>
<status status="PASS" starttime="20230425 01:40:56.228" endtime="20230425 01:40:57.291"/>
</kw>
<kw name="Log To Console" library="BuiltIn">
<arg>${\n}${result}</arg>
<doc>Logs the given message to the console.</doc>
<status status="PASS" starttime="20230425 01:40:57.291" endtime="20230425 01:40:57.291"/>
</kw>
<kw name="Should Not Contain" library="BuiltIn">
<arg>${result}</arg>
<arg>Traceback</arg>
<doc>Fails if ``container`` contains ``item`` one or more times.</doc>
<msg timestamp="20230425 01:40:57.291" level="FAIL">'Robot Framework Swarm: Reporter 
	Version 1.1.0 
	Configuration File:  D:\a\rfswarm\rfswarm\rfswarm_reporter\RFSwarmReporter.ini 
Traceback (most recent call last):
  File "D:\a\rfswarm\rfswarm\rfswarm_reporter\rfswarm_reporter.py", line 7724, in &lt;module&gt;
    core = ReporterCore()
  File "D:\a\rfswarm\rfswarm\rfswarm_reporter\rfswarm_reporter.py", line 2387, in __init__
    base.config['Reporter']['Template'] = base.args.template
  File "C:\hostedtoolcache\windows\Python\3.9.13\x64\lib\configparser.py", line 1262, in __setitem__
    return self._parser.set(self._name, key, value)
  File "C:\hostedtoolcache\windows\Python\3.9.13\x64\lib\configparser.py", line 1204, in set
    super().set(section, option, value)
  File "C:\hostedtoolcache\windows\Python\3.9.13\x64\lib\configparser.py", line 894, in set
    value = self._interpolation.before_set(self, section, option,
  File "C:\hostedtoolcache\windows\Python\3.9.13\x64\lib\configparser.py", line 402, in before_set
    raise ValueError("invalid interpolation syntax in %r at "
ValueError: invalid interpolation syntax in 'D:\\a\\rfswarm\\rfswarm\\Tests\\Regression\\Reporter\\testdata\\Issue-#144\\90%ileTemplate.template' at position 69' contains 'Traceback'</msg>
<status status="FAIL" starttime="20230425 01:40:57.291" endtime="20230425 01:40:57.291"/>
</kw>
<kw name="Should Contain" library="BuiltIn">
<arg>${result}</arg>
<arg>xlsx</arg>
<doc>Fails if ``container`` does not contain ``item`` one or more times.</doc>
<status status="NOT RUN" starttime="20230425 01:40:57.291" endtime="20230425 01:40:57.291"/>
</kw>
<kw name="Should Exist" library="OperatingSystem">
<arg>${resultfolder}${/}${resultdata}.xlsx</arg>
<doc>Fails unless the given path (file or directory) exists.</doc>
<status status="NOT RUN" starttime="20230425 01:40:57.291" endtime="20230425 01:40:57.291"/>
</kw>
<tag>Issue #144</tag>
<tag>macos-latest</tag>
<tag>ubuntu-latest</tag>
<tag>windows-latest</tag>
<tag>XLSX</tag>
<status status="FAIL" starttime="20230425 01:40:56.228" endtime="20230425 01:40:57.291">'Robot Framework Swarm: Reporter 
	Version 1.1.0 
	Configuration File:  D:\a\rfswarm\rfswarm\rfswarm_reporter\RFSwarmReporter.ini 
Traceback (most recent call last):
  File "D:\a\rfswarm\rfswarm\rfswarm_reporter\rfswarm_reporter.py", line 7724, in &lt;module&gt;
    core = ReporterCore()
  File "D:\a\rfswarm\rfswarm\rfswarm_reporter\rfswarm_reporter.py", line 2387, in __init__
    base.config['Reporter']['Template'] = base.args.template
  File "C:\hostedtoolcache\windows\Python\3.9.13\x64\lib\configparser.py", line 1262, in __setitem__
    return self._parser.set(self._name, key, value)
  File "C:\hostedtoolcache\windows\Python\3.9.13\x64\lib\configparser.py", line 1204, in set
    super().set(section, option, value)
  File "C:\hostedtoolcache\windows\Python\3.9.13\x64\lib\configparser.py", line 894, in set
    value = self._interpolation.before_set(self, section, option,
  File "C:\hostedtoolcache\windows\Python\3.9.13\x64\lib\configparser.py", line 402, in before_set
    raise ValueError("invalid interpolation syntax in %r at "
ValueError: invalid interpolation syntax in 'D:\\a\\rfswarm\\rfswarm\\Tests\\Regression\\Reporter\\testdata\\Issue-#144\\90%ileTemplate.template' at position 69' contains 'Traceback'</status>
</test>
<status status="FAIL" starttime="20230425 01:39:44.197" endtime="20230425 01:40:57.291"/>
</suite>
<suite id="s1-s2" name="GUI Basic" source="D:\a\rfswarm\rfswarm\Tests\Regression\Reporter\GUI_Basic.robot">
<test id="s1-s2-t1" name="GUI Runs and Closes" line="21">
<kw name="Set Suite Variable" library="BuiltIn">
<arg>${platform}</arg>
<arg>windows</arg>
<doc>Makes a variable available everywhere within the scope of the current suite.</doc>
<msg timestamp="20230425 01:41:09.004" level="INFO">${platform} = windows</msg>
<status status="PASS" starttime="20230425 01:41:09.004" endtime="20230425 01:41:09.004"/>
</kw>
<kw name="Set Confidence" library="ImageHorizonLibrary">
<arg>0.9</arg>
<doc>Sets the accuracy when finding images.</doc>
<status status="PASS" starttime="20230425 01:41:09.004" endtime="20230425 01:41:09.004"/>
</kw>
<kw name="Start Process" library="Process">
<arg>python3</arg>
<arg>${pyfile}</arg>
<arg>alias=Manager</arg>
<arg>stdout=${OUTPUT DIR}${/}stdout.txt</arg>
<arg>stderr=${OUTPUT DIR}${/}stderr.txt</arg>
<doc>Starts a new process on background.</doc>
<msg timestamp="20230425 01:41:09.004" level="INFO">Starting process:
python3 D:\a\rfswarm\rfswarm\rfswarm_reporter\rfswarm_reporter.py</msg>
<status status="PASS" starttime="20230425 01:41:09.004" endtime="20230425 01:41:09.004"/>
</kw>
<kw name="Sleep" library="BuiltIn">
<arg>60</arg>
<doc>Pauses the test executed for the given time.</doc>
<msg timestamp="20230425 01:42:09.014" level="INFO">Slept 1 minute</msg>
<status status="PASS" starttime="20230425 01:41:09.004" endtime="20230425 01:42:09.014"/>
</kw>
<kw name="Set Screenshot Folder" library="ImageHorizonLibrary">
<arg>${OUTPUT DIR}</arg>
<doc>Sets the folder where screenshots are saved to.</doc>
<status status="PASS" starttime="20230425 01:42:09.014" endtime="20230425 01:42:09.014"/>
</kw>
<kw name="Take A Screenshot" library="ImageHorizonLibrary">
<doc>Takes a screenshot of the screen.</doc>
<msg timestamp="20230425 01:42:09.014" level="INFO" html="true">Screenshot taken: D:\a\rfswarm\rfswarm\Tests\Regression\Reporter\Logs\windows-latest_3.9\Reporter.GUIBasic-screenshot-1.png&lt;br/&gt;&lt;img src="D:\a\rfswarm\rfswarm\Tests\Regression\Reporter\Logs\windows-latest_3.9\Reporter.GUIBasic-screenshot-1.png" width="100%" /&gt;</msg>
<status status="PASS" starttime="20230425 01:42:09.014" endtime="20230425 01:42:09.123"/>
</kw>
<tag>windows-latest</tag>
<status status="PASS" starttime="20230425 01:41:09.004" endtime="20230425 01:42:09.123"/>
</test>
<status status="PASS" starttime="20230425 01:40:57.291" endtime="20230425 01:42:09.123"/>
</suite>
<status status="FAIL" starttime="20230425 01:39:44.181" endtime="20230425 01:42:09.139"/>
</suite>
<statistics>
<total>
<stat pass="3" fail="3" skip="0">All Tests</stat>
</total>
<tag>
<stat pass="0" fail="1" skip="0">DOCX</stat>
<stat pass="0" fail="1" skip="0">HTML</stat>
<stat pass="0" fail="3" skip="0">Issue #144</stat>
<stat pass="2" fail="3" skip="0">macos-latest</stat>
<stat pass="2" fail="3" skip="0">ubuntu-latest</stat>
<stat pass="3" fail="3" skip="0">windows-latest</stat>
<stat pass="0" fail="1" skip="0">XLSX</stat>
</tag>
<suite>
<stat pass="3" fail="3" skip="0" id="s1" name="Reporter">Reporter</stat>
<stat pass="2" fail="3" skip="0" id="s1-s1" name="CommandLine">Reporter.CommandLine</stat>
<stat pass="1" fail="0" skip="0" id="s1-s2" name="GUI Basic">Reporter.GUI Basic</stat>
</suite>
</statistics>
<errors>
</errors>
</robot>
