<?xml version="1.0" encoding="UTF-8"?>
<robot generator="Robot 6.0.2 (Python 3.10.10 on win32)" generated="20230305 09:59:19.968" rpa="false" schemaversion="3">
<suite id="s1" name="Reporter" source="D:\a\rfswarm\rfswarm\Tests\Regression\Reporter">
<suite id="s1-s1" name="CommandLine" source="D:\a\rfswarm\rfswarm\Tests\Regression\Reporter\CommandLine.robot">
<test id="s1-s1-t1" name="Reporter Version" line="10">
<kw name="Run" library="OperatingSystem">
<var>${result}</var>
<arg>python3 ${EXECDIR}${/}rfswarm_reporter${/}rfswarm_reporter.py -v</arg>
<doc>Runs the given command in the system and returns the output.</doc>
<msg timestamp="20230305 09:59:20.000" level="INFO">Running command 'python3 D:\a\rfswarm\rfswarm\rfswarm_reporter\rfswarm_reporter.py -v 2&gt;&amp;1'.</msg>
<msg timestamp="20230305 09:59:32.656" level="INFO">${result} = Matplotlib is building the font cache; this may take a moment.
Robot Framework Swarm: Reporter 
	Version 1.1.0 </msg>
<status status="PASS" starttime="20230305 09:59:20.000" endtime="20230305 09:59:32.656"/>
</kw>
<kw name="Log To Console" library="BuiltIn">
<arg>${\n}${result}</arg>
<doc>Logs the given message to the console.</doc>
<status status="PASS" starttime="20230305 09:59:32.656" endtime="20230305 09:59:32.656"/>
</kw>
<kw name="Should Contain" library="BuiltIn">
<arg>${result}</arg>
<arg>Version</arg>
<doc>Fails if ``container`` does not contain ``item`` one or more times.</doc>
<status status="PASS" starttime="20230305 09:59:32.656" endtime="20230305 09:59:32.656"/>
</kw>
<kw name="Should Contain" library="BuiltIn">
<arg>${result}</arg>
<arg>Reporter</arg>
<doc>Fails if ``container`` does not contain ``item`` one or more times.</doc>
<status status="PASS" starttime="20230305 09:59:32.656" endtime="20230305 09:59:32.656"/>
</kw>
<tag>macos-latest</tag>
<tag>ubuntu-latest</tag>
<tag>windows-latest</tag>
<status status="PASS" starttime="20230305 09:59:20.000" endtime="20230305 09:59:32.656"/>
</test>
<test id="s1-s1-t2" name="Reporter Help" line="17">
<kw name="Run" library="OperatingSystem">
<var>${result}</var>
<arg>python3 ${EXECDIR}${/}rfswarm_reporter${/}rfswarm_reporter.py -h</arg>
<doc>Runs the given command in the system and returns the output.</doc>
<msg timestamp="20230305 09:59:32.656" level="INFO">Running command 'python3 D:\a\rfswarm\rfswarm\rfswarm_reporter\rfswarm_reporter.py -h 2&gt;&amp;1'.</msg>
<msg timestamp="20230305 09:59:33.563" level="INFO">${result} = Robot Framework Swarm: Reporter 
	Version 1.1.0 
usage: rfswarm_reporter.py [-h] [-g DEBUG] [-v] [-i INI] [-n] [-d DIR]
                           [-t TEMPLATE] [--html] [--docx] [--xlsx]

options:
  ...</msg>
<status status="PASS" starttime="20230305 09:59:32.656" endtime="20230305 09:59:33.563"/>
</kw>
<kw name="Log To Console" library="BuiltIn">
<arg>${\n}${result}</arg>
<doc>Logs the given message to the console.</doc>
<status status="PASS" starttime="20230305 09:59:33.563" endtime="20230305 09:59:33.563"/>
</kw>
<kw name="Should Contain" library="BuiltIn">
<arg>${result}</arg>
<arg>Excel</arg>
<doc>Fails if ``container`` does not contain ``item`` one or more times.</doc>
<status status="PASS" starttime="20230305 09:59:33.563" endtime="20230305 09:59:33.563"/>
</kw>
<tag>macos-latest</tag>
<tag>ubuntu-latest</tag>
<tag>windows-latest</tag>
<status status="PASS" starttime="20230305 09:59:32.656" endtime="20230305 09:59:33.563"/>
</test>
<status status="PASS" starttime="20230305 09:59:19.984" endtime="20230305 09:59:33.563"/>
</suite>
<suite id="s1-s2" name="GUI Basic" source="D:\a\rfswarm\rfswarm\Tests\Regression\Reporter\GUI_Basic.robot">
<test id="s1-s2-t1" name="GUI Runs and Closes" line="19">
<kw name="Set Suite Variable" library="BuiltIn">
<arg>${platform}</arg>
<arg>windows</arg>
<doc>Makes a variable available everywhere within the scope of the current suite.</doc>
<msg timestamp="20230305 09:59:33.579" level="INFO">${platform} = windows</msg>
<status status="PASS" starttime="20230305 09:59:33.579" endtime="20230305 09:59:33.579"/>
</kw>
<kw name="Start Process" library="Process">
<arg>python3</arg>
<arg>${EXECDIR}${/}rfswarm_manager${/}rfswarm.py</arg>
<arg>alias=Manager</arg>
<arg>stdout=${OUTPUT DIR}${/}stdout.txt</arg>
<arg>stderr=${OUTPUT DIR}${/}stderr.txt</arg>
<doc>Starts a new process on background.</doc>
<msg timestamp="20230305 09:59:33.579" level="INFO">Starting process:
python3 D:\a\rfswarm\rfswarm\rfswarm_manager\rfswarm.py</msg>
<status status="PASS" starttime="20230305 09:59:33.579" endtime="20230305 09:59:33.579"/>
</kw>
<kw name="Sleep" library="BuiltIn">
<arg>60</arg>
<doc>Pauses the test executed for the given time.</doc>
<msg timestamp="20230305 10:00:33.579" level="INFO">Slept 1 minute</msg>
<status status="PASS" starttime="20230305 09:59:33.579" endtime="20230305 10:00:33.579"/>
</kw>
<kw name="Set Screenshot Folder">
<arg>${OUTPUT DIR}</arg>
<msg timestamp="20230305 10:00:33.579" level="FAIL">No keyword with name 'Set Screenshot Folder' found.</msg>
<status status="FAIL" starttime="20230305 10:00:33.579" endtime="20230305 10:00:33.579"/>
</kw>
<kw name="Take A Screenshot">
<status status="NOT RUN" starttime="20230305 10:00:33.579" endtime="20230305 10:00:33.579"/>
</kw>
<tag>windows-latest</tag>
<status status="FAIL" starttime="20230305 09:59:33.579" endtime="20230305 10:00:33.579">No keyword with name 'Set Screenshot Folder' found.</status>
</test>
<status status="FAIL" starttime="20230305 09:59:33.563" endtime="20230305 10:00:33.579"/>
</suite>
<status status="FAIL" starttime="20230305 09:59:19.968" endtime="20230305 10:00:33.579"/>
</suite>
<statistics>
<total>
<stat pass="2" fail="1" skip="0">All Tests</stat>
</total>
<tag>
<stat pass="2" fail="0" skip="0">macos-latest</stat>
<stat pass="2" fail="0" skip="0">ubuntu-latest</stat>
<stat pass="2" fail="1" skip="0">windows-latest</stat>
</tag>
<suite>
<stat pass="2" fail="1" skip="0" id="s1" name="Reporter">Reporter</stat>
<stat pass="2" fail="0" skip="0" id="s1-s1" name="CommandLine">Reporter.CommandLine</stat>
<stat pass="0" fail="1" skip="0" id="s1-s2" name="GUI Basic">Reporter.GUI Basic</stat>
</suite>
</statistics>
<errors>
<msg timestamp="20230305 09:59:33.579" level="ERROR">Error in file 'D:\a\rfswarm\rfswarm\Tests\Regression\Reporter\GUI_Basic.robot' on line 5: Importing library 'ImageHorizonLibrary' failed: ModuleNotFoundError: No module named 'ImageHorizonLibrary'
Traceback (most recent call last):
  None
PYTHONPATH:
  C:\hostedtoolcache\windows\Python\3.10.10\x64\Scripts\robot.exe
  C:\hostedtoolcache\windows\Python\3.10.10\x64\python310.zip
  C:\hostedtoolcache\windows\Python\3.10.10\x64\DLLs
  C:\hostedtoolcache\windows\Python\3.10.10\x64\lib
  C:\hostedtoolcache\windows\Python\3.10.10\x64
  C:\hostedtoolcache\windows\Python\3.10.10\x64\lib\site-packages</msg>
</errors>
</robot>
